<?xml version="1.0" encoding="UTF-8"?>
<robot generator="Robot 6.1.1 (Python 3.12.2 on win32)" generated="20240826 21:43:01.910" rpa="false" schemaversion="4">
<suite id="s1" name="RR" source="C:\Users\Samraddhi\Desktop\ECSECRcode\ECS-ECRdeployment\wm-si-qa-automation\Web\RR">
<suite id="s1-s1" name="TestCases" source="C:\Users\Samraddhi\Desktop\ECSECRcode\ECS-ECRdeployment\wm-si-qa-automation\Web\RR\TestCases">
<suite id="s1-s1-s1" name="Players" source="C:\Users\Samraddhi\Desktop\ECSECRcode\ECS-ECRdeployment\wm-si-qa-automation\Web\RR\TestCases\Players">
<suite id="s1-s1-s1-s1" name="Players test" source="C:\Users\Samraddhi\Desktop\ECSECRcode\ECS-ECRdeployment\wm-si-qa-automation\Web\RR\TestCases\Players\Players_test.robot">
<test id="s1-s1-s1-s1-t1" name="TC95 Verify filter by skill as bowler" line="16">
<kw name="Launch Application" library="login_keywords" type="SETUP">
<kw name="Get Environment Data" library="user_keywords">
<var>${env_data}</var>
<arg>${web_environment}</arg>
<msg timestamp="20240826 21:43:05.268" level="INFO">${env_data} = {'RR_application_url': 'https://stg-rr.sportz.io/', 'RR_CMS_application_url': 'https://beta-wafcms.sportz.io/login/login?refval', 'KC_CMS_application_url': 'https://beta-wafcms.sportz.io/login/login?r...</msg>
<status status="PASS" starttime="20240826 21:43:05.268" endtime="20240826 21:43:05.268"/>
</kw>
<kw name="Create Dictionary" library="BuiltIn">
<var>${env_data}</var>
<arg>&amp;{env_data}</arg>
<doc>Creates and returns a dictionary based on the given ``items``.</doc>
<msg timestamp="20240826 21:43:05.268" level="INFO">${env_data} = {'RR_application_url': 'https://stg-rr.sportz.io/', 'RR_CMS_application_url': 'https://beta-wafcms.sportz.io/login/login?refval', 'KC_CMS_application_url': 'https://beta-wafcms.sportz.io/login/login?r...</msg>
<status status="PASS" starttime="20240826 21:43:05.268" endtime="20240826 21:43:05.268"/>
</kw>
<kw name="Evaluate" library="BuiltIn">
<var>${options}</var>
<arg>sys.modules['selenium.webdriver'].ChromeOptions()</arg>
<arg>sys</arg>
<doc>Evaluates the given expression in Python and returns the result.</doc>
<msg timestamp="20240826 21:43:05.268" level="INFO">${options} = &lt;selenium.webdriver.chrome.options.Options object at 0x00000170FC21A840&gt;</msg>
<status status="PASS" starttime="20240826 21:43:05.268" endtime="20240826 21:43:05.268"/>
</kw>
<kw name="Call Method" library="BuiltIn">
<arg>${options}</arg>
<arg>add_argument</arg>
<arg>--disable-notifications</arg>
<doc>Calls the named method of the given object with the provided arguments.</doc>
<status status="PASS" starttime="20240826 21:43:05.268" endtime="20240826 21:43:05.268"/>
</kw>
<kw name="Call Method" library="BuiltIn">
<arg>${options}</arg>
<arg>add_argument</arg>
<arg>--disable-infobars</arg>
<doc>Calls the named method of the given object with the provided arguments.</doc>
<status status="PASS" starttime="20240826 21:43:05.268" endtime="20240826 21:43:05.268"/>
</kw>
<kw name="Call Method" library="BuiltIn">
<arg>${options}</arg>
<arg>add_argument</arg>
<arg>--disable-extensions</arg>
<doc>Calls the named method of the given object with the provided arguments.</doc>
<status status="PASS" starttime="20240826 21:43:05.268" endtime="20240826 21:43:05.268"/>
</kw>
<kw name="Call Method" library="BuiltIn">
<arg>${options}</arg>
<arg>add_argument</arg>
<arg>--no-sandbox</arg>
<doc>Calls the named method of the given object with the provided arguments.</doc>
<status status="PASS" starttime="20240826 21:43:05.268" endtime="20240826 21:43:05.268"/>
</kw>
<kw name="Call Method" library="BuiltIn">
<arg>${options}</arg>
<arg>add_argument</arg>
<arg>--headless</arg>
<doc>Calls the named method of the given object with the provided arguments.</doc>
<status status="PASS" starttime="20240826 21:43:05.268" endtime="20240826 21:43:05.268"/>
</kw>
<kw name="Call Method" library="BuiltIn">
<arg>${options}</arg>
<arg>add_argument</arg>
<arg>--disable-dev-shm-usage</arg>
<doc>Calls the named method of the given object with the provided arguments.</doc>
<status status="PASS" starttime="20240826 21:43:05.268" endtime="20240826 21:43:05.268"/>
</kw>
<kw name="Create Dictionary" library="BuiltIn">
<var>${prefs}</var>
<arg>download.default_directory=${default_download_path}</arg>
<doc>Creates and returns a dictionary based on the given ``items``.</doc>
<msg timestamp="20240826 21:43:05.268" level="INFO">${prefs} = {'download.default_directory': 'C:\\Users\\Samraddhi\\Desktop\\ECSECRcode\\ECS-ECRdeployment\\wm-si-qa-automation\\Downloads\\Files'}</msg>
<status status="PASS" starttime="20240826 21:43:05.268" endtime="20240826 21:43:05.268"/>
</kw>
<kw name="Call Method" library="BuiltIn">
<arg>${options}</arg>
<arg>add_experimental_option</arg>
<arg>prefs</arg>
<arg>${prefs}</arg>
<doc>Calls the named method of the given object with the provided arguments.</doc>
<status status="PASS" starttime="20240826 21:43:05.268" endtime="20240826 21:43:05.268"/>
</kw>
<kw name="Open Browser" library="SeleniumLibrary">
<arg>https://stg-rr.sportz.io/</arg>
<arg>Chrome</arg>
<doc>Opens a new browser instance to the optional ``url``.</doc>
<msg timestamp="20240826 21:43:05.268" level="INFO">Opening browser 'Chrome' to base url 'https://stg-rr.sportz.io/'.</msg>
<status status="PASS" starttime="20240826 21:43:05.268" endtime="20240826 21:43:14.605"/>
</kw>
<kw name="Set Window Size" library="SeleniumLibrary">
<arg>${env_data.window_height}</arg>
<arg>${env_data.window_width}</arg>
<doc>Sets current windows size to given ``width`` and ``height``.</doc>
<status status="PASS" starttime="20240826 21:43:14.605" endtime="20240826 21:43:14.985"/>
</kw>
<kw name="Maximize Browser Window" library="SeleniumLibrary">
<doc>Maximizes current browser window.</doc>
<status status="PASS" starttime="20240826 21:43:14.989" endtime="20240826 21:43:15.085"/>
</kw>
<status status="PASS" starttime="20240826 21:43:05.268" endtime="20240826 21:43:15.086"/>
</kw>
<kw name="Navigation Keyword" library="Web_Common_Keywords">
<arg>${ipl_24_nav}</arg>
<arg>${squad_page}</arg>
<arg>${squad}</arg>
<doc>Navigate To Respective Page After Clicking On Nav Menu</doc>
<kw name="Wait Until Element Is Visible" library="SeleniumLibrary">
<arg>${main_menu}</arg>
<arg>timeout=30s</arg>
<doc>Waits until the element ``locator`` is visible.</doc>
<status status="PASS" starttime="20240826 21:43:15.086" endtime="20240826 21:43:15.195"/>
</kw>
<kw name="Mouse Over" library="SeleniumLibrary">
<arg>${main_menu}</arg>
<doc>Simulates hovering the mouse over the element ``locator``.</doc>
<msg timestamp="20240826 21:43:15.195" level="INFO">Simulating Mouse Over on element '//span[normalize-space()='IPL 2024']'.</msg>
<status status="PASS" starttime="20240826 21:43:15.195" endtime="20240826 21:43:15.509"/>
</kw>
<kw name="Run Keyword And Return Status" library="BuiltIn">
<var>${dropdown_menu_present}</var>
<arg>Page Should Contain Element</arg>
<arg>${dropdown_menu}</arg>
<doc>Runs the given keyword with given arguments and returns the status as a Boolean value.</doc>
<kw name="Page Should Contain Element" library="SeleniumLibrary">
<arg>${dropdown_menu}</arg>
<doc>Verifies that element ``locator`` is found on the current page.</doc>
<msg timestamp="20240826 21:43:15.560" level="INFO">Current page contains element '//span[normalize-space()='Squad']'.</msg>
<status status="PASS" starttime="20240826 21:43:15.509" endtime="20240826 21:43:15.565"/>
</kw>
<msg timestamp="20240826 21:43:15.565" level="INFO">${dropdown_menu_present} = True</msg>
<status status="PASS" starttime="20240826 21:43:15.509" endtime="20240826 21:43:15.565"/>
</kw>
<kw name="Wait For Five Seconds" library="Web_Common_Keywords">
<kw name="Sleep" library="BuiltIn">
<arg>5s</arg>
<doc>Pauses the test executed for the given time.</doc>
<msg timestamp="20240826 21:43:20.565" level="INFO">Slept 5 seconds</msg>
<status status="PASS" starttime="20240826 21:43:15.565" endtime="20240826 21:43:20.565"/>
</kw>
<status status="PASS" starttime="20240826 21:43:15.565" endtime="20240826 21:43:20.565"/>
</kw>
<kw name="Click Element" library="SeleniumLibrary">
<arg>${main_menu}</arg>
<doc>Click the element identified by ``locator``.</doc>
<msg timestamp="20240826 21:43:20.565" level="INFO">Clicking element '//span[normalize-space()='IPL 2024']'.</msg>
<status status="PASS" starttime="20240826 21:43:20.565" endtime="20240826 21:43:20.695"/>
</kw>
<kw name="Wait For Five Seconds" library="Web_Common_Keywords">
<kw name="Sleep" library="BuiltIn">
<arg>5s</arg>
<doc>Pauses the test executed for the given time.</doc>
<msg timestamp="20240826 21:43:25.695" level="INFO">Slept 5 seconds</msg>
<status status="PASS" starttime="20240826 21:43:20.695" endtime="20240826 21:43:25.695"/>
</kw>
<status status="PASS" starttime="20240826 21:43:20.695" endtime="20240826 21:43:25.695"/>
</kw>
<kw name="Run Keyword If" library="BuiltIn">
<arg>'${dropdown_menu_present}'== 'True'</arg>
<arg>Click Element</arg>
<arg>${dropdown_menu}</arg>
<doc>Runs the given keyword with the given arguments, if ``condition`` is true.</doc>
<kw name="Click Element" library="SeleniumLibrary">
<arg>${dropdown_menu}</arg>
<doc>Click the element identified by ``locator``.</doc>
<msg timestamp="20240826 21:43:25.695" level="INFO">Clicking element '//span[normalize-space()='Squad']'.</msg>
<status status="PASS" starttime="20240826 21:43:25.695" endtime="20240826 21:43:28.157"/>
</kw>
<status status="PASS" starttime="20240826 21:43:25.695" endtime="20240826 21:43:28.157"/>
</kw>
<kw name="Wait Until Element Is Visible" library="SeleniumLibrary">
<arg>${navigation_page}</arg>
<arg>timeout=30s</arg>
<doc>Waits until the element ``locator`` is visible.</doc>
<status status="PASS" starttime="20240826 21:43:28.157" endtime="20240826 21:43:28.230"/>
</kw>
<status status="PASS" starttime="20240826 21:43:15.086" endtime="20240826 21:43:28.230"/>
</kw>
<kw name="Check Visibility And Click On Element" library="Web_Common_Keywords">
<arg>${filter_name}</arg>
<kw name="Wait Until Element Is Visible" library="SeleniumLibrary">
<arg>${element}</arg>
<arg>timeout=30</arg>
<doc>Waits until the element ``locator`` is visible.</doc>
<status status="PASS" starttime="20240826 21:43:28.230" endtime="20240826 21:43:28.287"/>
</kw>
<kw name="Wait For Five Seconds" library="Web_Common_Keywords">
<kw name="Sleep" library="BuiltIn">
<arg>5s</arg>
<doc>Pauses the test executed for the given time.</doc>
<msg timestamp="20240826 21:43:33.287" level="INFO">Slept 5 seconds</msg>
<status status="PASS" starttime="20240826 21:43:28.287" endtime="20240826 21:43:33.287"/>
</kw>
<status status="PASS" starttime="20240826 21:43:28.287" endtime="20240826 21:43:33.287"/>
</kw>
<kw name="Click Element" library="SeleniumLibrary">
<arg>${element}</arg>
<doc>Click the element identified by ``locator``.</doc>
<msg timestamp="20240826 21:43:33.287" level="INFO">Clicking element '//span[text()='Filter']/ancestor::button'.</msg>
<status status="PASS" starttime="20240826 21:43:33.287" endtime="20240826 21:43:33.398"/>
</kw>
<status status="PASS" starttime="20240826 21:43:28.230" endtime="20240826 21:43:33.398"/>
</kw>
<kw name="Filter By Categories" library="Web_Common_Keywords">
<arg>${filter_by_skills_player}</arg>
<arg>${bowler_filter}</arg>
<kw name="Wait Until Element Is Visible" library="SeleniumLibrary">
<arg>${filter_by_skills}</arg>
<arg>timeout=20s</arg>
<doc>Waits until the element ``locator`` is visible.</doc>
<status status="PASS" starttime="20240826 21:43:33.398" endtime="20240826 21:43:33.455"/>
</kw>
<kw name="Click Element" library="SeleniumLibrary">
<arg>${filter_by_skills}</arg>
<doc>Click the element identified by ``locator``.</doc>
<msg timestamp="20240826 21:43:33.455" level="INFO">Clicking element '//p[text()='Filter by Skill']'.</msg>
<status status="PASS" starttime="20240826 21:43:33.455" endtime="20240826 21:43:33.585"/>
</kw>
<kw name="Wait Until Element Is Visible" library="SeleniumLibrary">
<arg>${filter_by_dropdown}</arg>
<arg>timeout=20s</arg>
<doc>Waits until the element ``locator`` is visible.</doc>
<status status="PASS" starttime="20240826 21:43:33.585" endtime="20240826 21:43:33.642"/>
</kw>
<kw name="Click Element" library="SeleniumLibrary">
<arg>${filter_by_dropdown}</arg>
<doc>Click the element identified by ``locator``.</doc>
<msg timestamp="20240826 21:43:33.642" level="INFO">Clicking element '//button[normalize-space()='Bowler']'.</msg>
<status status="PASS" starttime="20240826 21:43:33.642" endtime="20240826 21:43:33.756"/>
</kw>
<status status="PASS" starttime="20240826 21:43:33.398" endtime="20240826 21:43:33.756"/>
</kw>
<kw name="Verify Applied Filter" library="Players_Keywords">
<arg>${bowler_text_page}</arg>
<kw name="Wait Until Element Is Visible" library="SeleniumLibrary">
<arg>${page_verififctaion}</arg>
<arg>timeout=10s</arg>
<doc>Waits until the element ``locator`` is visible.</doc>
<status status="PASS" starttime="20240826 21:43:33.756" endtime="20240826 21:43:33.805"/>
</kw>
<status status="PASS" starttime="20240826 21:43:33.756" endtime="20240826 21:43:33.805"/>
</kw>
<kw name="Close Browser" library="SeleniumLibrary" type="TEARDOWN">
<doc>Closes the current browser.</doc>
<status status="PASS" starttime="20240826 21:43:33.805" endtime="20240826 21:43:38.033"/>
</kw>
<tag>Players</tag>
<status status="PASS" starttime="20240826 21:43:05.265" endtime="20240826 21:43:38.035"/>
</test>
<test id="s1-s1-s1-s1-t2" name="TC96 Verify filter by skill as allrounder" line="23">
<kw name="Launch Application" library="login_keywords" type="SETUP">
<kw name="Get Environment Data" library="user_keywords">
<var>${env_data}</var>
<arg>${web_environment}</arg>
<msg timestamp="20240826 21:43:38.041" level="INFO">${env_data} = {'RR_application_url': 'https://stg-rr.sportz.io/', 'RR_CMS_application_url': 'https://beta-wafcms.sportz.io/login/login?refval', 'KC_CMS_application_url': 'https://beta-wafcms.sportz.io/login/login?r...</msg>
<status status="PASS" starttime="20240826 21:43:38.040" endtime="20240826 21:43:38.041"/>
</kw>
<kw name="Create Dictionary" library="BuiltIn">
<var>${env_data}</var>
<arg>&amp;{env_data}</arg>
<doc>Creates and returns a dictionary based on the given ``items``.</doc>
<msg timestamp="20240826 21:43:38.041" level="INFO">${env_data} = {'RR_application_url': 'https://stg-rr.sportz.io/', 'RR_CMS_application_url': 'https://beta-wafcms.sportz.io/login/login?refval', 'KC_CMS_application_url': 'https://beta-wafcms.sportz.io/login/login?r...</msg>
<status status="PASS" starttime="20240826 21:43:38.041" endtime="20240826 21:43:38.041"/>
</kw>
<kw name="Evaluate" library="BuiltIn">
<var>${options}</var>
<arg>sys.modules['selenium.webdriver'].ChromeOptions()</arg>
<arg>sys</arg>
<doc>Evaluates the given expression in Python and returns the result.</doc>
<msg timestamp="20240826 21:43:38.045" level="INFO">${options} = &lt;selenium.webdriver.chrome.options.Options object at 0x00000170FC239A00&gt;</msg>
<status status="PASS" starttime="20240826 21:43:38.045" endtime="20240826 21:43:38.045"/>
</kw>
<kw name="Call Method" library="BuiltIn">
<arg>${options}</arg>
<arg>add_argument</arg>
<arg>--disable-notifications</arg>
<doc>Calls the named method of the given object with the provided arguments.</doc>
<status status="PASS" starttime="20240826 21:43:38.045" endtime="20240826 21:43:38.045"/>
</kw>
<kw name="Call Method" library="BuiltIn">
<arg>${options}</arg>
<arg>add_argument</arg>
<arg>--disable-infobars</arg>
<doc>Calls the named method of the given object with the provided arguments.</doc>
<status status="PASS" starttime="20240826 21:43:38.045" endtime="20240826 21:43:38.045"/>
</kw>
<kw name="Call Method" library="BuiltIn">
<arg>${options}</arg>
<arg>add_argument</arg>
<arg>--disable-extensions</arg>
<doc>Calls the named method of the given object with the provided arguments.</doc>
<status status="PASS" starttime="20240826 21:43:38.045" endtime="20240826 21:43:38.045"/>
</kw>
<kw name="Call Method" library="BuiltIn">
<arg>${options}</arg>
<arg>add_argument</arg>
<arg>--no-sandbox</arg>
<doc>Calls the named method of the given object with the provided arguments.</doc>
<status status="PASS" starttime="20240826 21:43:38.045" endtime="20240826 21:43:38.045"/>
</kw>
<kw name="Call Method" library="BuiltIn">
<arg>${options}</arg>
<arg>add_argument</arg>
<arg>--headless</arg>
<doc>Calls the named method of the given object with the provided arguments.</doc>
<status status="PASS" starttime="20240826 21:43:38.045" endtime="20240826 21:43:38.045"/>
</kw>
<kw name="Call Method" library="BuiltIn">
<arg>${options}</arg>
<arg>add_argument</arg>
<arg>--disable-dev-shm-usage</arg>
<doc>Calls the named method of the given object with the provided arguments.</doc>
<status status="PASS" starttime="20240826 21:43:38.045" endtime="20240826 21:43:38.045"/>
</kw>
<kw name="Create Dictionary" library="BuiltIn">
<var>${prefs}</var>
<arg>download.default_directory=${default_download_path}</arg>
<doc>Creates and returns a dictionary based on the given ``items``.</doc>
<msg timestamp="20240826 21:43:38.045" level="INFO">${prefs} = {'download.default_directory': 'C:\\Users\\Samraddhi\\Desktop\\ECSECRcode\\ECS-ECRdeployment\\wm-si-qa-automation\\Downloads\\Files'}</msg>
<status status="PASS" starttime="20240826 21:43:38.045" endtime="20240826 21:43:38.045"/>
</kw>
<kw name="Call Method" library="BuiltIn">
<arg>${options}</arg>
<arg>add_experimental_option</arg>
<arg>prefs</arg>
<arg>${prefs}</arg>
<doc>Calls the named method of the given object with the provided arguments.</doc>
<status status="PASS" starttime="20240826 21:43:38.049" endtime="20240826 21:43:38.049"/>
</kw>
<kw name="Open Browser" library="SeleniumLibrary">
<arg>https://stg-rr.sportz.io/</arg>
<arg>Chrome</arg>
<doc>Opens a new browser instance to the optional ``url``.</doc>
<msg timestamp="20240826 21:43:38.050" level="INFO">Opening browser 'Chrome' to base url 'https://stg-rr.sportz.io/'.</msg>
<status status="PASS" starttime="20240826 21:43:38.050" endtime="20240826 21:43:42.085"/>
</kw>
<kw name="Set Window Size" library="SeleniumLibrary">
<arg>${env_data.window_height}</arg>
<arg>${env_data.window_width}</arg>
<doc>Sets current windows size to given ``width`` and ``height``.</doc>
<status status="PASS" starttime="20240826 21:43:42.085" endtime="20240826 21:43:42.467"/>
</kw>
<kw name="Maximize Browser Window" library="SeleniumLibrary">
<doc>Maximizes current browser window.</doc>
<status status="PASS" starttime="20240826 21:43:42.467" endtime="20240826 21:43:42.558"/>
</kw>
<status status="PASS" starttime="20240826 21:43:38.035" endtime="20240826 21:43:42.558"/>
</kw>
<kw name="Navigation Keyword" library="Web_Common_Keywords">
<arg>${ipl_24_nav}</arg>
<arg>${squad_page}</arg>
<arg>${squad}</arg>
<doc>Navigate To Respective Page After Clicking On Nav Menu</doc>
<kw name="Wait Until Element Is Visible" library="SeleniumLibrary">
<arg>${main_menu}</arg>
<arg>timeout=30s</arg>
<doc>Waits until the element ``locator`` is visible.</doc>
<status status="PASS" starttime="20240826 21:43:42.558" endtime="20240826 21:43:42.637"/>
</kw>
<kw name="Mouse Over" library="SeleniumLibrary">
<arg>${main_menu}</arg>
<doc>Simulates hovering the mouse over the element ``locator``.</doc>
<msg timestamp="20240826 21:43:42.639" level="INFO">Simulating Mouse Over on element '//span[normalize-space()='IPL 2024']'.</msg>
<status status="PASS" starttime="20240826 21:43:42.637" endtime="20240826 21:43:42.945"/>
</kw>
<kw name="Run Keyword And Return Status" library="BuiltIn">
<var>${dropdown_menu_present}</var>
<arg>Page Should Contain Element</arg>
<arg>${dropdown_menu}</arg>
<doc>Runs the given keyword with given arguments and returns the status as a Boolean value.</doc>
<kw name="Page Should Contain Element" library="SeleniumLibrary">
<arg>${dropdown_menu}</arg>
<doc>Verifies that element ``locator`` is found on the current page.</doc>
<msg timestamp="20240826 21:43:42.985" level="INFO">Current page contains element '//span[normalize-space()='Squad']'.</msg>
<status status="PASS" starttime="20240826 21:43:42.945" endtime="20240826 21:43:42.985"/>
</kw>
<msg timestamp="20240826 21:43:42.985" level="INFO">${dropdown_menu_present} = True</msg>
<status status="PASS" starttime="20240826 21:43:42.945" endtime="20240826 21:43:42.985"/>
</kw>
<kw name="Wait For Five Seconds" library="Web_Common_Keywords">
<kw name="Sleep" library="BuiltIn">
<arg>5s</arg>
<doc>Pauses the test executed for the given time.</doc>
<msg timestamp="20240826 21:43:47.992" level="INFO">Slept 5 seconds</msg>
<status status="PASS" starttime="20240826 21:43:42.992" endtime="20240826 21:43:47.992"/>
</kw>
<status status="PASS" starttime="20240826 21:43:42.985" endtime="20240826 21:43:47.992"/>
</kw>
<kw name="Click Element" library="SeleniumLibrary">
<arg>${main_menu}</arg>
<doc>Click the element identified by ``locator``.</doc>
<msg timestamp="20240826 21:43:47.992" level="INFO">Clicking element '//span[normalize-space()='IPL 2024']'.</msg>
<status status="PASS" starttime="20240826 21:43:47.992" endtime="20240826 21:43:48.170"/>
</kw>
<kw name="Wait For Five Seconds" library="Web_Common_Keywords">
<kw name="Sleep" library="BuiltIn">
<arg>5s</arg>
<doc>Pauses the test executed for the given time.</doc>
<msg timestamp="20240826 21:43:53.171" level="INFO">Slept 5 seconds</msg>
<status status="PASS" starttime="20240826 21:43:48.170" endtime="20240826 21:43:53.171"/>
</kw>
<status status="PASS" starttime="20240826 21:43:48.170" endtime="20240826 21:43:53.171"/>
</kw>
<kw name="Run Keyword If" library="BuiltIn">
<arg>'${dropdown_menu_present}'== 'True'</arg>
<arg>Click Element</arg>
<arg>${dropdown_menu}</arg>
<doc>Runs the given keyword with the given arguments, if ``condition`` is true.</doc>
<kw name="Click Element" library="SeleniumLibrary">
<arg>${dropdown_menu}</arg>
<doc>Click the element identified by ``locator``.</doc>
<msg timestamp="20240826 21:43:53.171" level="INFO">Clicking element '//span[normalize-space()='Squad']'.</msg>
<status status="PASS" starttime="20240826 21:43:53.171" endtime="20240826 21:43:53.737"/>
</kw>
<status status="PASS" starttime="20240826 21:43:53.171" endtime="20240826 21:43:53.737"/>
</kw>
<kw name="Wait Until Element Is Visible" library="SeleniumLibrary">
<arg>${navigation_page}</arg>
<arg>timeout=30s</arg>
<doc>Waits until the element ``locator`` is visible.</doc>
<status status="PASS" starttime="20240826 21:43:53.737" endtime="20240826 21:43:53.795"/>
</kw>
<status status="PASS" starttime="20240826 21:43:42.558" endtime="20240826 21:43:53.799"/>
</kw>
<kw name="Check Visibility And Click On Element" library="Web_Common_Keywords">
<arg>${filter_name}</arg>
<kw name="Wait Until Element Is Visible" library="SeleniumLibrary">
<arg>${element}</arg>
<arg>timeout=30</arg>
<doc>Waits until the element ``locator`` is visible.</doc>
<status status="PASS" starttime="20240826 21:43:53.800" endtime="20240826 21:43:53.855"/>
</kw>
<kw name="Wait For Five Seconds" library="Web_Common_Keywords">
<kw name="Sleep" library="BuiltIn">
<arg>5s</arg>
<doc>Pauses the test executed for the given time.</doc>
<msg timestamp="20240826 21:43:58.860" level="INFO">Slept 5 seconds</msg>
<status status="PASS" starttime="20240826 21:43:53.855" endtime="20240826 21:43:58.860"/>
</kw>
<status status="PASS" starttime="20240826 21:43:53.855" endtime="20240826 21:43:58.860"/>
</kw>
<kw name="Click Element" library="SeleniumLibrary">
<arg>${element}</arg>
<doc>Click the element identified by ``locator``.</doc>
<msg timestamp="20240826 21:43:58.860" level="INFO">Clicking element '//span[text()='Filter']/ancestor::button'.</msg>
<status status="PASS" starttime="20240826 21:43:58.860" endtime="20240826 21:43:58.959"/>
</kw>
<status status="PASS" starttime="20240826 21:43:53.799" endtime="20240826 21:43:58.959"/>
</kw>
<kw name="Filter By Categories" library="Web_Common_Keywords">
<arg>${filter_by_skills_player}</arg>
<arg>${all_rounder_filter}</arg>
<kw name="Wait Until Element Is Visible" library="SeleniumLibrary">
<arg>${filter_by_skills}</arg>
<arg>timeout=20s</arg>
<doc>Waits until the element ``locator`` is visible.</doc>
<status status="PASS" starttime="20240826 21:43:58.959" endtime="20240826 21:43:59.001"/>
</kw>
<kw name="Click Element" library="SeleniumLibrary">
<arg>${filter_by_skills}</arg>
<doc>Click the element identified by ``locator``.</doc>
<msg timestamp="20240826 21:43:59.001" level="INFO">Clicking element '//p[text()='Filter by Skill']'.</msg>
<status status="PASS" starttime="20240826 21:43:59.001" endtime="20240826 21:43:59.087"/>
</kw>
<kw name="Wait Until Element Is Visible" library="SeleniumLibrary">
<arg>${filter_by_dropdown}</arg>
<arg>timeout=20s</arg>
<doc>Waits until the element ``locator`` is visible.</doc>
<status status="PASS" starttime="20240826 21:43:59.087" endtime="20240826 21:43:59.142"/>
</kw>
<kw name="Click Element" library="SeleniumLibrary">
<arg>${filter_by_dropdown}</arg>
<doc>Click the element identified by ``locator``.</doc>
<msg timestamp="20240826 21:43:59.145" level="INFO">Clicking element '//button[normalize-space()='All Rounder']'.</msg>
<status status="PASS" starttime="20240826 21:43:59.144" endtime="20240826 21:43:59.230"/>
</kw>
<status status="PASS" starttime="20240826 21:43:58.959" endtime="20240826 21:43:59.230"/>
</kw>
<kw name="Verify Applied Filter" library="Players_Keywords">
<arg>${all_rounders_text_page}</arg>
<kw name="Wait Until Element Is Visible" library="SeleniumLibrary">
<arg>${page_verififctaion}</arg>
<arg>timeout=10s</arg>
<doc>Waits until the element ``locator`` is visible.</doc>
<status status="PASS" starttime="20240826 21:43:59.231" endtime="20240826 21:43:59.270"/>
</kw>
<status status="PASS" starttime="20240826 21:43:59.231" endtime="20240826 21:43:59.270"/>
</kw>
<kw name="Close Browser" library="SeleniumLibrary" type="TEARDOWN">
<doc>Closes the current browser.</doc>
<status status="PASS" starttime="20240826 21:43:59.270" endtime="20240826 21:44:01.700"/>
</kw>
<tag>Players</tag>
<tag>Sprint6</tag>
<status status="PASS" starttime="20240826 21:43:38.035" endtime="20240826 21:44:01.702"/>
</test>
<test id="s1-s1-s1-s1-t3" name="TC97 Verify filter by skill as wicketkeeper" line="30">
<kw name="Launch Application" library="login_keywords" type="SETUP">
<kw name="Get Environment Data" library="user_keywords">
<var>${env_data}</var>
<arg>${web_environment}</arg>
<msg timestamp="20240826 21:44:01.709" level="INFO">${env_data} = {'RR_application_url': 'https://stg-rr.sportz.io/', 'RR_CMS_application_url': 'https://beta-wafcms.sportz.io/login/login?refval', 'KC_CMS_application_url': 'https://beta-wafcms.sportz.io/login/login?r...</msg>
<status status="PASS" starttime="20240826 21:44:01.705" endtime="20240826 21:44:01.709"/>
</kw>
<kw name="Create Dictionary" library="BuiltIn">
<var>${env_data}</var>
<arg>&amp;{env_data}</arg>
<doc>Creates and returns a dictionary based on the given ``items``.</doc>
<msg timestamp="20240826 21:44:01.709" level="INFO">${env_data} = {'RR_application_url': 'https://stg-rr.sportz.io/', 'RR_CMS_application_url': 'https://beta-wafcms.sportz.io/login/login?refval', 'KC_CMS_application_url': 'https://beta-wafcms.sportz.io/login/login?r...</msg>
<status status="PASS" starttime="20240826 21:44:01.709" endtime="20240826 21:44:01.709"/>
</kw>
<kw name="Evaluate" library="BuiltIn">
<var>${options}</var>
<arg>sys.modules['selenium.webdriver'].ChromeOptions()</arg>
<arg>sys</arg>
<doc>Evaluates the given expression in Python and returns the result.</doc>
<msg timestamp="20240826 21:44:01.712" level="INFO">${options} = &lt;selenium.webdriver.chrome.options.Options object at 0x00000170FC238650&gt;</msg>
<status status="PASS" starttime="20240826 21:44:01.709" endtime="20240826 21:44:01.712"/>
</kw>
<kw name="Call Method" library="BuiltIn">
<arg>${options}</arg>
<arg>add_argument</arg>
<arg>--disable-notifications</arg>
<doc>Calls the named method of the given object with the provided arguments.</doc>
<status status="PASS" starttime="20240826 21:44:01.712" endtime="20240826 21:44:01.712"/>
</kw>
<kw name="Call Method" library="BuiltIn">
<arg>${options}</arg>
<arg>add_argument</arg>
<arg>--disable-infobars</arg>
<doc>Calls the named method of the given object with the provided arguments.</doc>
<status status="PASS" starttime="20240826 21:44:01.712" endtime="20240826 21:44:01.712"/>
</kw>
<kw name="Call Method" library="BuiltIn">
<arg>${options}</arg>
<arg>add_argument</arg>
<arg>--disable-extensions</arg>
<doc>Calls the named method of the given object with the provided arguments.</doc>
<status status="PASS" starttime="20240826 21:44:01.712" endtime="20240826 21:44:01.712"/>
</kw>
<kw name="Call Method" library="BuiltIn">
<arg>${options}</arg>
<arg>add_argument</arg>
<arg>--no-sandbox</arg>
<doc>Calls the named method of the given object with the provided arguments.</doc>
<status status="PASS" starttime="20240826 21:44:01.715" endtime="20240826 21:44:01.715"/>
</kw>
<kw name="Call Method" library="BuiltIn">
<arg>${options}</arg>
<arg>add_argument</arg>
<arg>--headless</arg>
<doc>Calls the named method of the given object with the provided arguments.</doc>
<status status="PASS" starttime="20240826 21:44:01.715" endtime="20240826 21:44:01.715"/>
</kw>
<kw name="Call Method" library="BuiltIn">
<arg>${options}</arg>
<arg>add_argument</arg>
<arg>--disable-dev-shm-usage</arg>
<doc>Calls the named method of the given object with the provided arguments.</doc>
<status status="PASS" starttime="20240826 21:44:01.715" endtime="20240826 21:44:01.717"/>
</kw>
<kw name="Create Dictionary" library="BuiltIn">
<var>${prefs}</var>
<arg>download.default_directory=${default_download_path}</arg>
<doc>Creates and returns a dictionary based on the given ``items``.</doc>
<msg timestamp="20240826 21:44:01.718" level="INFO">${prefs} = {'download.default_directory': 'C:\\Users\\Samraddhi\\Desktop\\ECSECRcode\\ECS-ECRdeployment\\wm-si-qa-automation\\Downloads\\Files'}</msg>
<status status="PASS" starttime="20240826 21:44:01.718" endtime="20240826 21:44:01.718"/>
</kw>
<kw name="Call Method" library="BuiltIn">
<arg>${options}</arg>
<arg>add_experimental_option</arg>
<arg>prefs</arg>
<arg>${prefs}</arg>
<doc>Calls the named method of the given object with the provided arguments.</doc>
<status status="PASS" starttime="20240826 21:44:01.718" endtime="20240826 21:44:01.718"/>
</kw>
<kw name="Open Browser" library="SeleniumLibrary">
<arg>https://stg-rr.sportz.io/</arg>
<arg>Chrome</arg>
<doc>Opens a new browser instance to the optional ``url``.</doc>
<msg timestamp="20240826 21:44:01.718" level="INFO">Opening browser 'Chrome' to base url 'https://stg-rr.sportz.io/'.</msg>
<status status="PASS" starttime="20240826 21:44:01.718" endtime="20240826 21:44:05.377"/>
</kw>
<kw name="Set Window Size" library="SeleniumLibrary">
<arg>${env_data.window_height}</arg>
<arg>${env_data.window_width}</arg>
<doc>Sets current windows size to given ``width`` and ``height``.</doc>
<status status="PASS" starttime="20240826 21:44:05.377" endtime="20240826 21:44:05.786"/>
</kw>
<kw name="Maximize Browser Window" library="SeleniumLibrary">
<doc>Maximizes current browser window.</doc>
<status status="PASS" starttime="20240826 21:44:05.786" endtime="20240826 21:44:05.884"/>
</kw>
<status status="PASS" starttime="20240826 21:44:01.705" endtime="20240826 21:44:05.884"/>
</kw>
<kw name="Navigation Keyword" library="Web_Common_Keywords">
<arg>${ipl_24_nav}</arg>
<arg>${squad_page}</arg>
<arg>${squad}</arg>
<doc>Navigate To Respective Page After Clicking On Nav Menu</doc>
<kw name="Wait Until Element Is Visible" library="SeleniumLibrary">
<arg>${main_menu}</arg>
<arg>timeout=30s</arg>
<doc>Waits until the element ``locator`` is visible.</doc>
<status status="PASS" starttime="20240826 21:44:05.885" endtime="20240826 21:44:05.956"/>
</kw>
<kw name="Mouse Over" library="SeleniumLibrary">
<arg>${main_menu}</arg>
<doc>Simulates hovering the mouse over the element ``locator``.</doc>
<msg timestamp="20240826 21:44:05.956" level="INFO">Simulating Mouse Over on element '//span[normalize-space()='IPL 2024']'.</msg>
<status status="PASS" starttime="20240826 21:44:05.956" endtime="20240826 21:44:06.270"/>
</kw>
<kw name="Run Keyword And Return Status" library="BuiltIn">
<var>${dropdown_menu_present}</var>
<arg>Page Should Contain Element</arg>
<arg>${dropdown_menu}</arg>
<doc>Runs the given keyword with given arguments and returns the status as a Boolean value.</doc>
<kw name="Page Should Contain Element" library="SeleniumLibrary">
<arg>${dropdown_menu}</arg>
<doc>Verifies that element ``locator`` is found on the current page.</doc>
<msg timestamp="20240826 21:44:06.306" level="INFO">Current page contains element '//span[normalize-space()='Squad']'.</msg>
<status status="PASS" starttime="20240826 21:44:06.275" endtime="20240826 21:44:06.306"/>
</kw>
<msg timestamp="20240826 21:44:06.306" level="INFO">${dropdown_menu_present} = True</msg>
<status status="PASS" starttime="20240826 21:44:06.274" endtime="20240826 21:44:06.306"/>
</kw>
<kw name="Wait For Five Seconds" library="Web_Common_Keywords">
<kw name="Sleep" library="BuiltIn">
<arg>5s</arg>
<doc>Pauses the test executed for the given time.</doc>
<msg timestamp="20240826 21:44:11.311" level="INFO">Slept 5 seconds</msg>
<status status="PASS" starttime="20240826 21:44:06.310" endtime="20240826 21:44:11.311"/>
</kw>
<status status="PASS" starttime="20240826 21:44:06.306" endtime="20240826 21:44:11.311"/>
</kw>
<kw name="Click Element" library="SeleniumLibrary">
<arg>${main_menu}</arg>
<doc>Click the element identified by ``locator``.</doc>
<msg timestamp="20240826 21:44:11.311" level="INFO">Clicking element '//span[normalize-space()='IPL 2024']'.</msg>
<status status="PASS" starttime="20240826 21:44:11.311" endtime="20240826 21:44:11.473"/>
</kw>
<kw name="Wait For Five Seconds" library="Web_Common_Keywords">
<kw name="Sleep" library="BuiltIn">
<arg>5s</arg>
<doc>Pauses the test executed for the given time.</doc>
<msg timestamp="20240826 21:44:16.474" level="INFO">Slept 5 seconds</msg>
<status status="PASS" starttime="20240826 21:44:11.473" endtime="20240826 21:44:16.474"/>
</kw>
<status status="PASS" starttime="20240826 21:44:11.473" endtime="20240826 21:44:16.474"/>
</kw>
<kw name="Run Keyword If" library="BuiltIn">
<arg>'${dropdown_menu_present}'== 'True'</arg>
<arg>Click Element</arg>
<arg>${dropdown_menu}</arg>
<doc>Runs the given keyword with the given arguments, if ``condition`` is true.</doc>
<kw name="Click Element" library="SeleniumLibrary">
<arg>${dropdown_menu}</arg>
<doc>Click the element identified by ``locator``.</doc>
<msg timestamp="20240826 21:44:16.475" level="INFO">Clicking element '//span[normalize-space()='Squad']'.</msg>
<status status="PASS" starttime="20240826 21:44:16.475" endtime="20240826 21:44:17.381"/>
</kw>
<status status="PASS" starttime="20240826 21:44:16.474" endtime="20240826 21:44:17.381"/>
</kw>
<kw name="Wait Until Element Is Visible" library="SeleniumLibrary">
<arg>${navigation_page}</arg>
<arg>timeout=30s</arg>
<doc>Waits until the element ``locator`` is visible.</doc>
<status status="PASS" starttime="20240826 21:44:17.381" endtime="20240826 21:44:17.449"/>
</kw>
<status status="PASS" starttime="20240826 21:44:05.885" endtime="20240826 21:44:17.449"/>
</kw>
<kw name="Check Visibility And Click On Element" library="Web_Common_Keywords">
<arg>${filter_name}</arg>
<kw name="Wait Until Element Is Visible" library="SeleniumLibrary">
<arg>${element}</arg>
<arg>timeout=30</arg>
<doc>Waits until the element ``locator`` is visible.</doc>
<status status="PASS" starttime="20240826 21:44:17.450" endtime="20240826 21:44:17.514"/>
</kw>
<kw name="Wait For Five Seconds" library="Web_Common_Keywords">
<kw name="Sleep" library="BuiltIn">
<arg>5s</arg>
<doc>Pauses the test executed for the given time.</doc>
<msg timestamp="20240826 21:44:22.515" level="INFO">Slept 5 seconds</msg>
<status status="PASS" starttime="20240826 21:44:17.515" endtime="20240826 21:44:22.515"/>
</kw>
<status status="PASS" starttime="20240826 21:44:17.514" endtime="20240826 21:44:22.515"/>
</kw>
<kw name="Click Element" library="SeleniumLibrary">
<arg>${element}</arg>
<doc>Click the element identified by ``locator``.</doc>
<msg timestamp="20240826 21:44:22.515" level="INFO">Clicking element '//span[text()='Filter']/ancestor::button'.</msg>
<status status="PASS" starttime="20240826 21:44:22.515" endtime="20240826 21:44:22.721"/>
</kw>
<status status="PASS" starttime="20240826 21:44:17.450" endtime="20240826 21:44:22.721"/>
</kw>
<kw name="Filter By Categories" library="Web_Common_Keywords">
<arg>${filter_by_skills_player}</arg>
<arg>${wicket_keeper_filter}</arg>
<kw name="Wait Until Element Is Visible" library="SeleniumLibrary">
<arg>${filter_by_skills}</arg>
<arg>timeout=20s</arg>
<doc>Waits until the element ``locator`` is visible.</doc>
<status status="PASS" starttime="20240826 21:44:22.721" endtime="20240826 21:44:22.785"/>
</kw>
<kw name="Click Element" library="SeleniumLibrary">
<arg>${filter_by_skills}</arg>
<doc>Click the element identified by ``locator``.</doc>
<msg timestamp="20240826 21:44:22.785" level="INFO">Clicking element '//p[text()='Filter by Skill']'.</msg>
<status status="PASS" starttime="20240826 21:44:22.785" endtime="20240826 21:44:22.915"/>
</kw>
<kw name="Wait Until Element Is Visible" library="SeleniumLibrary">
<arg>${filter_by_dropdown}</arg>
<arg>timeout=20s</arg>
<doc>Waits until the element ``locator`` is visible.</doc>
<status status="PASS" starttime="20240826 21:44:22.915" endtime="20240826 21:44:22.955"/>
</kw>
<kw name="Click Element" library="SeleniumLibrary">
<arg>${filter_by_dropdown}</arg>
<doc>Click the element identified by ``locator``.</doc>
<msg timestamp="20240826 21:44:22.955" level="INFO">Clicking element '//button[normalize-space()='Wicket Keeper']'.</msg>
<status status="PASS" starttime="20240826 21:44:22.955" endtime="20240826 21:44:23.057"/>
</kw>
<status status="PASS" starttime="20240826 21:44:22.721" endtime="20240826 21:44:23.057"/>
</kw>
<kw name="Verify Applied Filter" library="Players_Keywords">
<arg>${wicket_keeper_text_page}</arg>
<kw name="Wait Until Element Is Visible" library="SeleniumLibrary">
<arg>${page_verififctaion}</arg>
<arg>timeout=10s</arg>
<doc>Waits until the element ``locator`` is visible.</doc>
<status status="PASS" starttime="20240826 21:44:23.057" endtime="20240826 21:44:23.096"/>
</kw>
<status status="PASS" starttime="20240826 21:44:23.057" endtime="20240826 21:44:23.096"/>
</kw>
<kw name="Close Browser" library="SeleniumLibrary" type="TEARDOWN">
<doc>Closes the current browser.</doc>
<msg timestamp="20240826 21:44:23.981" level="ERROR">When closing browser, received exception: Execution terminated by signal</msg>
<msg timestamp="20240826 21:44:23.982" level="INFO">Cannot capture screenshot because no browser is open.</msg>
<status status="FAIL" starttime="20240826 21:44:23.098" endtime="20240826 21:44:23.982">Execution terminated by signal</status>
</kw>
<tag>Players</tag>
<status status="FAIL" starttime="20240826 21:44:01.702" endtime="20240826 21:44:23.982">Teardown failed:
Execution terminated by signal</status>
</test>
<test id="s1-s1-s1-s1-t4" name="TC98 Verify click on support staff tab" line="37">
<tag>Players</tag>
<tag>robot:exit</tag>
<status status="FAIL" starttime="20240826 21:44:23.985" endtime="20240826 21:44:23.985">Test execution stopped due to a fatal error.</status>
</test>
<test id="s1-s1-s1-s1-t5" name="TC99 Verify redirection of all support staff to profile page" line="42">
<tag>Demo</tag>
<tag>Players</tag>
<tag>robot:exit</tag>
<status status="FAIL" starttime="20240826 21:44:23.985" endtime="20240826 21:44:23.985">Test execution stopped due to a fatal error.</status>
</test>
<status status="FAIL" starttime="20240826 21:43:01.959" endtime="20240826 21:44:23.992"/>
</suite>
<status status="FAIL" starttime="20240826 21:43:01.955" endtime="20240826 21:44:23.997"/>
</suite>
<status status="FAIL" starttime="20240826 21:43:01.951" endtime="20240826 21:44:23.997"/>
</suite>
<status status="FAIL" starttime="20240826 21:43:01.915" endtime="20240826 21:44:24.002"/>
</suite>
<statistics>
<total>
<stat pass="2" fail="3" skip="0">All Tests</stat>
</total>
<tag>
<stat pass="2" fail="1" skip="0" info="combined" combined="NOT robot:exit">NOT robot:exit</stat>
<stat pass="0" fail="1" skip="0">Demo</stat>
<stat pass="2" fail="3" skip="0">Players</stat>
<stat pass="1" fail="0" skip="0">Sprint6</stat>
</tag>
<suite>
<stat pass="2" fail="3" skip="0" id="s1" name="RR">RR</stat>
<stat pass="2" fail="3" skip="0" id="s1-s1" name="TestCases">RR.TestCases</stat>
<stat pass="2" fail="3" skip="0" id="s1-s1-s1" name="Players">RR.TestCases.Players</stat>
<stat pass="2" fail="3" skip="0" id="s1-s1-s1-s1" name="Players test">RR.TestCases.Players.Players test</stat>
</suite>
</statistics>
<errors>
<msg timestamp="20240826 21:43:05.206" level="ERROR">Error in file 'C:\Users\Samraddhi\Desktop\ECSECRcode\ECS-ECRdeployment\wm-si-qa-automation\CommonBase\Web\Resources\Web_Common_Keywords.robot' on line 5: Library '..\..\..\..\CommonBase\Utilities\user_keywords.py' does not exist.</msg>
<msg timestamp="20240826 21:44:23.981" level="ERROR">When closing browser, received exception: Execution terminated by signal</msg>
</errors>
</robot>
