<?xml version="1.0" encoding="UTF-8"?>
<robot generator="Robot 6.1.1 (Python 3.12.2 on win32)" generated="20240816 17:23:40.933" rpa="false" schemaversion="4">
<suite id="s1" name="RR" source="C:\Users\Samraddhi\Desktop\IQA-73 Jira\wm-si-qa-automation\Web\RR">
<suite id="s1-s1" name="TestCases" source="C:\Users\Samraddhi\Desktop\IQA-73 Jira\wm-si-qa-automation\Web\RR\TestCases">
<suite id="s1-s1-s1" name="Hindi homescreen" source="C:\Users\Samraddhi\Desktop\IQA-73 Jira\wm-si-qa-automation\Web\RR\TestCases\Hindi_homescreen">
<suite id="s1-s1-s1-s1" name="Hindi Homescreen Test" source="C:\Users\Samraddhi\Desktop\IQA-73 Jira\wm-si-qa-automation\Web\RR\TestCases\Hindi_homescreen\hindi_homescreen_test.robot">
<test id="s1-s1-s1-s1-t1" name="TC205 Verify filter by 2023 year" line="31">
<kw name="Launch Application" library="login_keywords" type="SETUP">
<kw name="Get Environment Data" library="user_keywords">
<var>${env_data}</var>
<arg>${web_environment}</arg>
<msg timestamp="20240816 17:23:43.096" level="INFO">${env_data} = {'RR_application_url': 'https://stg-rr.sportz.io/', 'RR_CMS_application_url': 'https://beta-wafcms.sportz.io/login/login?refval', 'KC_CMS_application_url': 'https://beta-wafcms.sportz.io/login/login?r...</msg>
<status status="PASS" starttime="20240816 17:23:43.092" endtime="20240816 17:23:43.096"/>
</kw>
<kw name="Create Dictionary" library="BuiltIn">
<var>${env_data}</var>
<arg>&amp;{env_data}</arg>
<doc>Creates and returns a dictionary based on the given ``items``.</doc>
<msg timestamp="20240816 17:23:43.096" level="INFO">${env_data} = {'RR_application_url': 'https://stg-rr.sportz.io/', 'RR_CMS_application_url': 'https://beta-wafcms.sportz.io/login/login?refval', 'KC_CMS_application_url': 'https://beta-wafcms.sportz.io/login/login?r...</msg>
<status status="PASS" starttime="20240816 17:23:43.096" endtime="20240816 17:23:43.096"/>
</kw>
<kw name="Evaluate" library="BuiltIn">
<var>${options}</var>
<arg>sys.modules['selenium.webdriver'].ChromeOptions()</arg>
<arg>sys, selenium.webdriver</arg>
<doc>Evaluates the given expression in Python and returns the result.</doc>
<msg timestamp="20240816 17:23:43.096" level="INFO">${options} = &lt;selenium.webdriver.chrome.options.Options object at 0x000002B2D1085970&gt;</msg>
<status status="PASS" starttime="20240816 17:23:43.096" endtime="20240816 17:23:43.096"/>
</kw>
<kw name="Evaluate" library="BuiltIn">
<var>${options}</var>
<arg>sys.modules['selenium.webdriver'].ChromeOptions()</arg>
<arg>sys, selenium.webdriver</arg>
<doc>Evaluates the given expression in Python and returns the result.</doc>
<msg timestamp="20240816 17:23:43.096" level="INFO">${options} = &lt;selenium.webdriver.chrome.options.Options object at 0x000002B2D1085D90&gt;</msg>
<status status="PASS" starttime="20240816 17:23:43.096" endtime="20240816 17:23:43.096"/>
</kw>
<kw name="Create Dictionary" library="BuiltIn">
<var>${prefs}</var>
<arg>download.default_directory=${default_download_path}</arg>
<doc>Creates and returns a dictionary based on the given ``items``.</doc>
<msg timestamp="20240816 17:23:43.096" level="INFO">${prefs} = {'download.default_directory': 'C:\\Users\\Samraddhi\\Desktop\\IQA-73 Jira\\wm-si-qa-automation\\Downloads\\Files'}</msg>
<status status="PASS" starttime="20240816 17:23:43.096" endtime="20240816 17:23:43.096"/>
</kw>
<kw name="Call Method" library="BuiltIn">
<arg>${options}</arg>
<arg>add_experimental_option</arg>
<arg>prefs</arg>
<arg>${prefs}</arg>
<doc>Calls the named method of the given object with the provided arguments.</doc>
<status status="PASS" starttime="20240816 17:23:43.096" endtime="20240816 17:23:43.096"/>
</kw>
<kw name="Open Browser" library="SeleniumLibrary">
<arg>${env_data.RR_application_url}</arg>
<arg>${env_data.browser}</arg>
<arg>options=${options}</arg>
<doc>Opens a new browser instance to the optional ``url``.</doc>
<msg timestamp="20240816 17:23:43.096" level="INFO">Opening browser 'chrome' to base url 'https://stg-rr.sportz.io/'.</msg>
<status status="PASS" starttime="20240816 17:23:43.096" endtime="20240816 17:23:52.780"/>
</kw>
<kw name="Set Window Size" library="SeleniumLibrary">
<arg>${env_data.window_height}</arg>
<arg>${env_data.window_width}</arg>
<doc>Sets current windows size to given ``width`` and ``height``.</doc>
<status status="PASS" starttime="20240816 17:23:52.780" endtime="20240816 17:23:53.160"/>
</kw>
<kw name="Maximize Browser Window" library="SeleniumLibrary">
<doc>Maximizes current browser window.</doc>
<status status="PASS" starttime="20240816 17:23:53.160" endtime="20240816 17:23:53.247"/>
</kw>
<status status="PASS" starttime="20240816 17:23:43.092" endtime="20240816 17:23:53.247"/>
</kw>
<kw name="Click On Hindi Menu" library="hindi_homescreen_keywords">
<kw name="Wait Until Element Is Visible" library="SeleniumLibrary">
<arg>${hindi_menu}</arg>
<doc>Waits until the element ``locator`` is visible.</doc>
<status status="PASS" starttime="20240816 17:23:53.248" endtime="20240816 17:23:53.448"/>
</kw>
<kw name="Click Element" library="SeleniumLibrary">
<arg>${hindi_menu}</arg>
<doc>Click the element identified by ``locator``.</doc>
<msg timestamp="20240816 17:23:53.448" level="INFO">Clicking element '//span[contains(text(),"हिंदी")]'.</msg>
<status status="PASS" starttime="20240816 17:23:53.448" endtime="20240816 17:23:56.099"/>
</kw>
<status status="PASS" starttime="20240816 17:23:53.248" endtime="20240816 17:23:56.100"/>
</kw>
<kw name="Click On Aur Dekhe Link" library="hindi_homescreen_keywords">
<arg>${view_more_link}</arg>
<kw name="Wait Until Element Is Visible" library="SeleniumLibrary">
<arg>${Aur_dekhe_link}</arg>
<arg>timeout=15</arg>
<doc>Waits until the element ``locator`` is visible.</doc>
<status status="PASS" starttime="20240816 17:23:56.100" endtime="20240816 17:23:56.146"/>
</kw>
<kw name="Click Element" library="SeleniumLibrary">
<arg>${Aur_dekhe_link}</arg>
<doc>Click the element identified by ``locator``.</doc>
<msg timestamp="20240816 17:23:56.147" level="INFO">Clicking element '//a[@class="view-all"]'.</msg>
<status status="PASS" starttime="20240816 17:23:56.147" endtime="20240816 17:23:59.613"/>
</kw>
<status status="PASS" starttime="20240816 17:23:56.100" endtime="20240816 17:23:59.614"/>
</kw>
<kw name="Apply Filter" library="hindi_homescreen_keywords">
<kw name="Wait Until Element Is Visible" library="SeleniumLibrary">
<arg>${filter_button}</arg>
<arg>timeout=15</arg>
<doc>Waits until the element ``locator`` is visible.</doc>
<status status="PASS" starttime="20240816 17:23:59.614" endtime="20240816 17:23:59.651"/>
</kw>
<kw name="Sleep" library="BuiltIn">
<arg>5s</arg>
<doc>Pauses the test executed for the given time.</doc>
<msg timestamp="20240816 17:24:04.652" level="INFO">Slept 5 seconds</msg>
<status status="PASS" starttime="20240816 17:23:59.651" endtime="20240816 17:24:04.652"/>
</kw>
<kw name="Click Element" library="SeleniumLibrary">
<arg>${filter_button}</arg>
<doc>Click the element identified by ``locator``.</doc>
<msg timestamp="20240816 17:24:04.652" level="INFO">Clicking element '//span[normalize-space()="Filter"]'.</msg>
<status status="PASS" starttime="20240816 17:24:04.652" endtime="20240816 17:24:04.705"/>
</kw>
<kw name="Wait Until Element Is Visible" library="SeleniumLibrary">
<arg>${filter_by_year_dropdown}</arg>
<arg>timeout=30</arg>
<doc>Waits until the element ``locator`` is visible.</doc>
<status status="PASS" starttime="20240816 17:24:04.705" endtime="20240816 17:24:04.726"/>
</kw>
<kw name="Click Element" library="SeleniumLibrary">
<arg>${filter_by_year_dropdown}</arg>
<doc>Click the element identified by ``locator``.</doc>
<msg timestamp="20240816 17:24:04.726" level="INFO">Clicking element '//p[normalize-space()="Filter by Year"]'.</msg>
<status status="PASS" starttime="20240816 17:24:04.726" endtime="20240816 17:24:04.777"/>
</kw>
<kw name="Wait Until Element Is Visible" library="SeleniumLibrary">
<arg>${filter_by_year_2023}</arg>
<arg>timeout=15</arg>
<doc>Waits until the element ``locator`` is visible.</doc>
<status status="PASS" starttime="20240816 17:24:04.777" endtime="20240816 17:24:04.799"/>
</kw>
<kw name="Click Element" library="SeleniumLibrary">
<arg>${filter_by_year_2023}</arg>
<doc>Click the element identified by ``locator``.</doc>
<msg timestamp="20240816 17:24:04.799" level="INFO">Clicking element '//button[normalize-space()="2023"]'.</msg>
<status status="PASS" starttime="20240816 17:24:04.799" endtime="20240816 17:24:04.841"/>
</kw>
<kw name="Wait Until Element Is Visible" library="SeleniumLibrary">
<arg>${apply_filter_button}</arg>
<arg>timeout=1</arg>
<doc>Waits until the element ``locator`` is visible.</doc>
<status status="PASS" starttime="20240816 17:24:04.841" endtime="20240816 17:24:04.861"/>
</kw>
<kw name="Click Element" library="SeleniumLibrary">
<arg>${apply_filter_button}</arg>
<doc>Click the element identified by ``locator``.</doc>
<msg timestamp="20240816 17:24:04.861" level="INFO">Clicking element '//span[normalize-space()="Apply Filters"]'.</msg>
<status status="PASS" starttime="20240816 17:24:04.861" endtime="20240816 17:24:09.122"/>
</kw>
<status status="PASS" starttime="20240816 17:23:59.614" endtime="20240816 17:24:09.122"/>
</kw>
<kw name="Verify Navigation Link" library="Web_Common_Keywords">
<arg>${filter_by_year_2023_url}</arg>
<kw name="Get Location" library="SeleniumLibrary">
<var>${current_url}</var>
<doc>Returns the current browser window URL.</doc>
<msg timestamp="20240816 17:24:09.139" level="INFO">${current_url} = https://stg-rr.sportz.io/hi/schedule-fixtures-results-2023</msg>
<status status="PASS" starttime="20240816 17:24:09.123" endtime="20240816 17:24:09.139"/>
</kw>
<kw name="Should Be Equal As Strings" library="BuiltIn">
<arg>${current_url}</arg>
<arg>${expected_url}</arg>
<doc>Fails if objects are unequal after converting them to strings.</doc>
<status status="PASS" starttime="20240816 17:24:09.139" endtime="20240816 17:24:09.139"/>
</kw>
<status status="PASS" starttime="20240816 17:24:09.123" endtime="20240816 17:24:09.139"/>
</kw>
<kw name="Verify That The Data Is Displayed For The Year 2023" library="hindi_homescreen_keywords">
<kw name="Sleep" library="BuiltIn">
<arg>2s</arg>
<doc>Pauses the test executed for the given time.</doc>
<msg timestamp="20240816 17:24:11.142" level="INFO">Slept 2 seconds</msg>
<status status="PASS" starttime="20240816 17:24:09.139" endtime="20240816 17:24:11.142"/>
</kw>
<kw name="Wait Until Element Is Visible" library="SeleniumLibrary">
<arg>${MATCHES_2023}</arg>
<arg>timeout=30</arg>
<doc>Waits until the element ``locator`` is visible.</doc>
<status status="PASS" starttime="20240816 17:24:11.142" endtime="20240816 17:24:11.198"/>
</kw>
<kw name="Get WebElements" library="SeleniumLibrary">
<var>${elements}</var>
<arg>${MATCHES_2023}</arg>
<doc>Returns a list of WebElement objects matching the ``locator``.</doc>
<msg timestamp="20240816 17:24:11.208" level="INFO">${elements} = [&lt;selenium.webdriver.remote.webelement.WebElement (session="5ad77bb2a4d0675a896f1bd20e3650fa", element="f.510E7DEF5E29AC0CF87FF81337F53B68.d.5AEFC9FFF0F54CEA72B8CCC222F37D1A.e.274")&gt;, &lt;selenium.webdri...</msg>
<status status="PASS" starttime="20240816 17:24:11.198" endtime="20240816 17:24:11.208"/>
</kw>
<kw name="Log" library="BuiltIn">
<arg>${elements}</arg>
<doc>Logs the given message with the given level.</doc>
<msg timestamp="20240816 17:24:11.208" level="INFO">[&lt;selenium.webdriver.remote.webelement.WebElement (session="5ad77bb2a4d0675a896f1bd20e3650fa", element="f.510E7DEF5E29AC0CF87FF81337F53B68.d.5AEFC9FFF0F54CEA72B8CCC222F37D1A.e.274")&gt;, &lt;selenium.webdriver.remote.webelement.WebElement (session="5ad77bb2a4d0675a896f1bd20e3650fa", element="f.510E7DEF5E29AC0CF87FF81337F53B68.d.5AEFC9FFF0F54CEA72B8CCC222F37D1A.e.275")&gt;, &lt;selenium.webdriver.remote.webelement.WebElement (session="5ad77bb2a4d0675a896f1bd20e3650fa", element="f.510E7DEF5E29AC0CF87FF81337F53B68.d.5AEFC9FFF0F54CEA72B8CCC222F37D1A.e.276")&gt;, &lt;selenium.webdriver.remote.webelement.WebElement (session="5ad77bb2a4d0675a896f1bd20e3650fa", element="f.510E7DEF5E29AC0CF87FF81337F53B68.d.5AEFC9FFF0F54CEA72B8CCC222F37D1A.e.277")&gt;, &lt;selenium.webdriver.remote.webelement.WebElement (session="5ad77bb2a4d0675a896f1bd20e3650fa", element="f.510E7DEF5E29AC0CF87FF81337F53B68.d.5AEFC9FFF0F54CEA72B8CCC222F37D1A.e.278")&gt;, &lt;selenium.webdriver.remote.webelement.WebElement (session="5ad77bb2a4d0675a896f1bd20e3650fa", element="f.510E7DEF5E29AC0CF87FF81337F53B68.d.5AEFC9FFF0F54CEA72B8CCC222F37D1A.e.279")&gt;, &lt;selenium.webdriver.remote.webelement.WebElement (session="5ad77bb2a4d0675a896f1bd20e3650fa", element="f.510E7DEF5E29AC0CF87FF81337F53B68.d.5AEFC9FFF0F54CEA72B8CCC222F37D1A.e.280")&gt;, &lt;selenium.webdriver.remote.webelement.WebElement (session="5ad77bb2a4d0675a896f1bd20e3650fa", element="f.510E7DEF5E29AC0CF87FF81337F53B68.d.5AEFC9FFF0F54CEA72B8CCC222F37D1A.e.281")&gt;, &lt;selenium.webdriver.remote.webelement.WebElement (session="5ad77bb2a4d0675a896f1bd20e3650fa", element="f.510E7DEF5E29AC0CF87FF81337F53B68.d.5AEFC9FFF0F54CEA72B8CCC222F37D1A.e.282")&gt;, &lt;selenium.webdriver.remote.webelement.WebElement (session="5ad77bb2a4d0675a896f1bd20e3650fa", element="f.510E7DEF5E29AC0CF87FF81337F53B68.d.5AEFC9FFF0F54CEA72B8CCC222F37D1A.e.283")&gt;, &lt;selenium.webdriver.remote.webelement.WebElement (session="5ad77bb2a4d0675a896f1bd20e3650fa", element="f.510E7DEF5E29AC0CF87FF81337F53B68.d.5AEFC9FFF0F54CEA72B8CCC222F37D1A.e.284")&gt;, &lt;selenium.webdriver.remote.webelement.WebElement (session="5ad77bb2a4d0675a896f1bd20e3650fa", element="f.510E7DEF5E29AC0CF87FF81337F53B68.d.5AEFC9FFF0F54CEA72B8CCC222F37D1A.e.285")&gt;, &lt;selenium.webdriver.remote.webelement.WebElement (session="5ad77bb2a4d0675a896f1bd20e3650fa", element="f.510E7DEF5E29AC0CF87FF81337F53B68.d.5AEFC9FFF0F54CEA72B8CCC222F37D1A.e.286")&gt;, &lt;selenium.webdriver.remote.webelement.WebElement (session="5ad77bb2a4d0675a896f1bd20e3650fa", element="f.510E7DEF5E29AC0CF87FF81337F53B68.d.5AEFC9FFF0F54CEA72B8CCC222F37D1A.e.287")&gt;]</msg>
<status status="PASS" starttime="20240816 17:24:11.208" endtime="20240816 17:24:11.208"/>
</kw>
<for flavor="IN">
<var>${element}</var>
<value>@{elements}</value>
<iter>
<var name="${element}">&lt;selenium.webdriver.remote.webelement.WebElement (session="5ad77bb2a4d0675a896f1bd20e3650fa", element="f.510E7DEF5E29AC0CF87FF81337F53B68.d.5AEFC9FFF0F54CEA72B8CCC222F37D1A.e.274")&gt;</var>
<kw name="Get Text" library="SeleniumLibrary">
<var>${text}</var>
<arg>${element}</arg>
<doc>Returns the text value of the element identified by ``locator``.</doc>
<msg timestamp="20240816 17:24:11.222" level="INFO">${text} = MAY 19, 2023</msg>
<status status="PASS" starttime="20240816 17:24:11.208" endtime="20240816 17:24:11.222"/>
</kw>
<kw name="Should Contain" library="BuiltIn">
<arg>${text}</arg>
<arg>2023</arg>
<doc>Fails if ``container`` does not contain ``item`` one or more times.</doc>
<status status="PASS" starttime="20240816 17:24:11.222" endtime="20240816 17:24:11.222"/>
</kw>
<status status="PASS" starttime="20240816 17:24:11.208" endtime="20240816 17:24:11.222"/>
</iter>
<iter>
<var name="${element}">&lt;selenium.webdriver.remote.webelement.WebElement (session="5ad77bb2a4d0675a896f1bd20e3650fa", element="f.510E7DEF5E29AC0CF87FF81337F53B68.d.5AEFC9FFF0F54CEA72B8CCC222F37D1A.e.275")&gt;</var>
<kw name="Get Text" library="SeleniumLibrary">
<var>${text}</var>
<arg>${element}</arg>
<doc>Returns the text value of the element identified by ``locator``.</doc>
<msg timestamp="20240816 17:24:11.229" level="INFO">${text} = MAY 14, 2023</msg>
<status status="PASS" starttime="20240816 17:24:11.222" endtime="20240816 17:24:11.232"/>
</kw>
<kw name="Should Contain" library="BuiltIn">
<arg>${text}</arg>
<arg>2023</arg>
<doc>Fails if ``container`` does not contain ``item`` one or more times.</doc>
<status status="PASS" starttime="20240816 17:24:11.232" endtime="20240816 17:24:11.232"/>
</kw>
<status status="PASS" starttime="20240816 17:24:11.222" endtime="20240816 17:24:11.232"/>
</iter>
<iter>
<var name="${element}">&lt;selenium.webdriver.remote.webelement.WebElement (session="5ad77bb2a4d0675a896f1bd20e3650fa", element="f.510E7DEF5E29AC0CF87FF81337F53B68.d.5AEFC9FFF0F54CEA72B8CCC222F37D1A.e.276")&gt;</var>
<kw name="Get Text" library="SeleniumLibrary">
<var>${text}</var>
<arg>${element}</arg>
<doc>Returns the text value of the element identified by ``locator``.</doc>
<msg timestamp="20240816 17:24:11.250" level="INFO">${text} = MAY 11, 2023</msg>
<status status="PASS" starttime="20240816 17:24:11.232" endtime="20240816 17:24:11.250"/>
</kw>
<kw name="Should Contain" library="BuiltIn">
<arg>${text}</arg>
<arg>2023</arg>
<doc>Fails if ``container`` does not contain ``item`` one or more times.</doc>
<status status="PASS" starttime="20240816 17:24:11.250" endtime="20240816 17:24:11.250"/>
</kw>
<status status="PASS" starttime="20240816 17:24:11.232" endtime="20240816 17:24:11.250"/>
</iter>
<iter>
<var name="${element}">&lt;selenium.webdriver.remote.webelement.WebElement (session="5ad77bb2a4d0675a896f1bd20e3650fa", element="f.510E7DEF5E29AC0CF87FF81337F53B68.d.5AEFC9FFF0F54CEA72B8CCC222F37D1A.e.277")&gt;</var>
<kw name="Get Text" library="SeleniumLibrary">
<var>${text}</var>
<arg>${element}</arg>
<doc>Returns the text value of the element identified by ``locator``.</doc>
<msg timestamp="20240816 17:24:11.274" level="INFO">${text} = MAY 07, 2023</msg>
<status status="PASS" starttime="20240816 17:24:11.250" endtime="20240816 17:24:11.275"/>
</kw>
<kw name="Should Contain" library="BuiltIn">
<arg>${text}</arg>
<arg>2023</arg>
<doc>Fails if ``container`` does not contain ``item`` one or more times.</doc>
<status status="PASS" starttime="20240816 17:24:11.275" endtime="20240816 17:24:11.275"/>
</kw>
<status status="PASS" starttime="20240816 17:24:11.250" endtime="20240816 17:24:11.275"/>
</iter>
<iter>
<var name="${element}">&lt;selenium.webdriver.remote.webelement.WebElement (session="5ad77bb2a4d0675a896f1bd20e3650fa", element="f.510E7DEF5E29AC0CF87FF81337F53B68.d.5AEFC9FFF0F54CEA72B8CCC222F37D1A.e.278")&gt;</var>
<kw name="Get Text" library="SeleniumLibrary">
<var>${text}</var>
<arg>${element}</arg>
<doc>Returns the text value of the element identified by ``locator``.</doc>
<msg timestamp="20240816 17:24:11.286" level="INFO">${text} = MAY 05, 2023</msg>
<status status="PASS" starttime="20240816 17:24:11.275" endtime="20240816 17:24:11.286"/>
</kw>
<kw name="Should Contain" library="BuiltIn">
<arg>${text}</arg>
<arg>2023</arg>
<doc>Fails if ``container`` does not contain ``item`` one or more times.</doc>
<status status="PASS" starttime="20240816 17:24:11.286" endtime="20240816 17:24:11.286"/>
</kw>
<status status="PASS" starttime="20240816 17:24:11.275" endtime="20240816 17:24:11.286"/>
</iter>
<iter>
<var name="${element}">&lt;selenium.webdriver.remote.webelement.WebElement (session="5ad77bb2a4d0675a896f1bd20e3650fa", element="f.510E7DEF5E29AC0CF87FF81337F53B68.d.5AEFC9FFF0F54CEA72B8CCC222F37D1A.e.279")&gt;</var>
<kw name="Get Text" library="SeleniumLibrary">
<var>${text}</var>
<arg>${element}</arg>
<doc>Returns the text value of the element identified by ``locator``.</doc>
<msg timestamp="20240816 17:24:11.294" level="INFO">${text} = APR 30, 2023</msg>
<status status="PASS" starttime="20240816 17:24:11.286" endtime="20240816 17:24:11.294"/>
</kw>
<kw name="Should Contain" library="BuiltIn">
<arg>${text}</arg>
<arg>2023</arg>
<doc>Fails if ``container`` does not contain ``item`` one or more times.</doc>
<status status="PASS" starttime="20240816 17:24:11.294" endtime="20240816 17:24:11.294"/>
</kw>
<status status="PASS" starttime="20240816 17:24:11.286" endtime="20240816 17:24:11.294"/>
</iter>
<iter>
<var name="${element}">&lt;selenium.webdriver.remote.webelement.WebElement (session="5ad77bb2a4d0675a896f1bd20e3650fa", element="f.510E7DEF5E29AC0CF87FF81337F53B68.d.5AEFC9FFF0F54CEA72B8CCC222F37D1A.e.280")&gt;</var>
<kw name="Get Text" library="SeleniumLibrary">
<var>${text}</var>
<arg>${element}</arg>
<doc>Returns the text value of the element identified by ``locator``.</doc>
<msg timestamp="20240816 17:24:11.306" level="INFO">${text} = APR 27, 2023</msg>
<status status="PASS" starttime="20240816 17:24:11.294" endtime="20240816 17:24:11.306"/>
</kw>
<kw name="Should Contain" library="BuiltIn">
<arg>${text}</arg>
<arg>2023</arg>
<doc>Fails if ``container`` does not contain ``item`` one or more times.</doc>
<status status="PASS" starttime="20240816 17:24:11.306" endtime="20240816 17:24:11.306"/>
</kw>
<status status="PASS" starttime="20240816 17:24:11.294" endtime="20240816 17:24:11.306"/>
</iter>
<iter>
<var name="${element}">&lt;selenium.webdriver.remote.webelement.WebElement (session="5ad77bb2a4d0675a896f1bd20e3650fa", element="f.510E7DEF5E29AC0CF87FF81337F53B68.d.5AEFC9FFF0F54CEA72B8CCC222F37D1A.e.281")&gt;</var>
<kw name="Get Text" library="SeleniumLibrary">
<var>${text}</var>
<arg>${element}</arg>
<doc>Returns the text value of the element identified by ``locator``.</doc>
<msg timestamp="20240816 17:24:11.315" level="INFO">${text} = APR 23, 2023</msg>
<status status="PASS" starttime="20240816 17:24:11.306" endtime="20240816 17:24:11.315"/>
</kw>
<kw name="Should Contain" library="BuiltIn">
<arg>${text}</arg>
<arg>2023</arg>
<doc>Fails if ``container`` does not contain ``item`` one or more times.</doc>
<status status="PASS" starttime="20240816 17:24:11.315" endtime="20240816 17:24:11.315"/>
</kw>
<status status="PASS" starttime="20240816 17:24:11.306" endtime="20240816 17:24:11.315"/>
</iter>
<iter>
<var name="${element}">&lt;selenium.webdriver.remote.webelement.WebElement (session="5ad77bb2a4d0675a896f1bd20e3650fa", element="f.510E7DEF5E29AC0CF87FF81337F53B68.d.5AEFC9FFF0F54CEA72B8CCC222F37D1A.e.282")&gt;</var>
<kw name="Get Text" library="SeleniumLibrary">
<var>${text}</var>
<arg>${element}</arg>
<doc>Returns the text value of the element identified by ``locator``.</doc>
<msg timestamp="20240816 17:24:11.326" level="INFO">${text} = APR 19, 2023</msg>
<status status="PASS" starttime="20240816 17:24:11.315" endtime="20240816 17:24:11.326"/>
</kw>
<kw name="Should Contain" library="BuiltIn">
<arg>${text}</arg>
<arg>2023</arg>
<doc>Fails if ``container`` does not contain ``item`` one or more times.</doc>
<status status="PASS" starttime="20240816 17:24:11.326" endtime="20240816 17:24:11.326"/>
</kw>
<status status="PASS" starttime="20240816 17:24:11.315" endtime="20240816 17:24:11.326"/>
</iter>
<iter>
<var name="${element}">&lt;selenium.webdriver.remote.webelement.WebElement (session="5ad77bb2a4d0675a896f1bd20e3650fa", element="f.510E7DEF5E29AC0CF87FF81337F53B68.d.5AEFC9FFF0F54CEA72B8CCC222F37D1A.e.283")&gt;</var>
<kw name="Get Text" library="SeleniumLibrary">
<var>${text}</var>
<arg>${element}</arg>
<doc>Returns the text value of the element identified by ``locator``.</doc>
<msg timestamp="20240816 17:24:11.336" level="INFO">${text} = APR 16, 2023</msg>
<status status="PASS" starttime="20240816 17:24:11.326" endtime="20240816 17:24:11.336"/>
</kw>
<kw name="Should Contain" library="BuiltIn">
<arg>${text}</arg>
<arg>2023</arg>
<doc>Fails if ``container`` does not contain ``item`` one or more times.</doc>
<status status="PASS" starttime="20240816 17:24:11.336" endtime="20240816 17:24:11.336"/>
</kw>
<status status="PASS" starttime="20240816 17:24:11.326" endtime="20240816 17:24:11.336"/>
</iter>
<iter>
<var name="${element}">&lt;selenium.webdriver.remote.webelement.WebElement (session="5ad77bb2a4d0675a896f1bd20e3650fa", element="f.510E7DEF5E29AC0CF87FF81337F53B68.d.5AEFC9FFF0F54CEA72B8CCC222F37D1A.e.284")&gt;</var>
<kw name="Get Text" library="SeleniumLibrary">
<var>${text}</var>
<arg>${element}</arg>
<doc>Returns the text value of the element identified by ``locator``.</doc>
<msg timestamp="20240816 17:24:11.343" level="INFO">${text} = APR 12, 2023</msg>
<status status="PASS" starttime="20240816 17:24:11.336" endtime="20240816 17:24:11.343"/>
</kw>
<kw name="Should Contain" library="BuiltIn">
<arg>${text}</arg>
<arg>2023</arg>
<doc>Fails if ``container`` does not contain ``item`` one or more times.</doc>
<status status="PASS" starttime="20240816 17:24:11.343" endtime="20240816 17:24:11.343"/>
</kw>
<status status="PASS" starttime="20240816 17:24:11.336" endtime="20240816 17:24:11.346"/>
</iter>
<iter>
<var name="${element}">&lt;selenium.webdriver.remote.webelement.WebElement (session="5ad77bb2a4d0675a896f1bd20e3650fa", element="f.510E7DEF5E29AC0CF87FF81337F53B68.d.5AEFC9FFF0F54CEA72B8CCC222F37D1A.e.285")&gt;</var>
<kw name="Get Text" library="SeleniumLibrary">
<var>${text}</var>
<arg>${element}</arg>
<doc>Returns the text value of the element identified by ``locator``.</doc>
<msg timestamp="20240816 17:24:11.355" level="INFO">${text} = APR 08, 2023</msg>
<status status="PASS" starttime="20240816 17:24:11.346" endtime="20240816 17:24:11.355"/>
</kw>
<kw name="Should Contain" library="BuiltIn">
<arg>${text}</arg>
<arg>2023</arg>
<doc>Fails if ``container`` does not contain ``item`` one or more times.</doc>
<status status="PASS" starttime="20240816 17:24:11.355" endtime="20240816 17:24:11.355"/>
</kw>
<status status="PASS" starttime="20240816 17:24:11.346" endtime="20240816 17:24:11.355"/>
</iter>
<iter>
<var name="${element}">&lt;selenium.webdriver.remote.webelement.WebElement (session="5ad77bb2a4d0675a896f1bd20e3650fa", element="f.510E7DEF5E29AC0CF87FF81337F53B68.d.5AEFC9FFF0F54CEA72B8CCC222F37D1A.e.286")&gt;</var>
<kw name="Get Text" library="SeleniumLibrary">
<var>${text}</var>
<arg>${element}</arg>
<doc>Returns the text value of the element identified by ``locator``.</doc>
<msg timestamp="20240816 17:24:11.363" level="INFO">${text} = APR 05, 2023</msg>
<status status="PASS" starttime="20240816 17:24:11.355" endtime="20240816 17:24:11.363"/>
</kw>
<kw name="Should Contain" library="BuiltIn">
<arg>${text}</arg>
<arg>2023</arg>
<doc>Fails if ``container`` does not contain ``item`` one or more times.</doc>
<status status="PASS" starttime="20240816 17:24:11.363" endtime="20240816 17:24:11.363"/>
</kw>
<status status="PASS" starttime="20240816 17:24:11.355" endtime="20240816 17:24:11.363"/>
</iter>
<iter>
<var name="${element}">&lt;selenium.webdriver.remote.webelement.WebElement (session="5ad77bb2a4d0675a896f1bd20e3650fa", element="f.510E7DEF5E29AC0CF87FF81337F53B68.d.5AEFC9FFF0F54CEA72B8CCC222F37D1A.e.287")&gt;</var>
<kw name="Get Text" library="SeleniumLibrary">
<var>${text}</var>
<arg>${element}</arg>
<doc>Returns the text value of the element identified by ``locator``.</doc>
<msg timestamp="20240816 17:24:11.373" level="INFO">${text} = APR 02, 2023</msg>
<status status="PASS" starttime="20240816 17:24:11.363" endtime="20240816 17:24:11.373"/>
</kw>
<kw name="Should Contain" library="BuiltIn">
<arg>${text}</arg>
<arg>2023</arg>
<doc>Fails if ``container`` does not contain ``item`` one or more times.</doc>
<status status="PASS" starttime="20240816 17:24:11.373" endtime="20240816 17:24:11.373"/>
</kw>
<status status="PASS" starttime="20240816 17:24:11.363" endtime="20240816 17:24:11.373"/>
</iter>
<status status="PASS" starttime="20240816 17:24:11.208" endtime="20240816 17:24:11.373"/>
</for>
<status status="PASS" starttime="20240816 17:24:09.139" endtime="20240816 17:24:11.373"/>
</kw>
<kw name="Close Browser" library="SeleniumLibrary" type="TEARDOWN">
<doc>Closes the current browser.</doc>
<status status="PASS" starttime="20240816 17:24:11.373" endtime="20240816 17:24:13.630"/>
</kw>
<tag>HindiFixture</tag>
<status status="PASS" starttime="20240816 17:23:43.092" endtime="20240816 17:24:13.631"/>
</test>
<test id="s1-s1-s1-s1-t2" name="TC206 Verify the filyer by year 2022 to 2021" line="39">
<kw name="Launch Application" library="login_keywords" type="SETUP">
<kw name="Get Environment Data" library="user_keywords">
<var>${env_data}</var>
<arg>${web_environment}</arg>
<msg timestamp="20240816 17:24:13.638" level="INFO">${env_data} = {'RR_application_url': 'https://stg-rr.sportz.io/', 'RR_CMS_application_url': 'https://beta-wafcms.sportz.io/login/login?refval', 'KC_CMS_application_url': 'https://beta-wafcms.sportz.io/login/login?r...</msg>
<status status="PASS" starttime="20240816 17:24:13.633" endtime="20240816 17:24:13.638"/>
</kw>
<kw name="Create Dictionary" library="BuiltIn">
<var>${env_data}</var>
<arg>&amp;{env_data}</arg>
<doc>Creates and returns a dictionary based on the given ``items``.</doc>
<msg timestamp="20240816 17:24:13.638" level="INFO">${env_data} = {'RR_application_url': 'https://stg-rr.sportz.io/', 'RR_CMS_application_url': 'https://beta-wafcms.sportz.io/login/login?refval', 'KC_CMS_application_url': 'https://beta-wafcms.sportz.io/login/login?r...</msg>
<status status="PASS" starttime="20240816 17:24:13.638" endtime="20240816 17:24:13.638"/>
</kw>
<kw name="Evaluate" library="BuiltIn">
<var>${options}</var>
<arg>sys.modules['selenium.webdriver'].ChromeOptions()</arg>
<arg>sys, selenium.webdriver</arg>
<doc>Evaluates the given expression in Python and returns the result.</doc>
<msg timestamp="20240816 17:24:13.638" level="INFO">${options} = &lt;selenium.webdriver.chrome.options.Options object at 0x000002B2D10867B0&gt;</msg>
<status status="PASS" starttime="20240816 17:24:13.638" endtime="20240816 17:24:13.638"/>
</kw>
<kw name="Evaluate" library="BuiltIn">
<var>${options}</var>
<arg>sys.modules['selenium.webdriver'].ChromeOptions()</arg>
<arg>sys, selenium.webdriver</arg>
<doc>Evaluates the given expression in Python and returns the result.</doc>
<msg timestamp="20240816 17:24:13.638" level="INFO">${options} = &lt;selenium.webdriver.chrome.options.Options object at 0x000002B2D1086E10&gt;</msg>
<status status="PASS" starttime="20240816 17:24:13.638" endtime="20240816 17:24:13.638"/>
</kw>
<kw name="Create Dictionary" library="BuiltIn">
<var>${prefs}</var>
<arg>download.default_directory=${default_download_path}</arg>
<doc>Creates and returns a dictionary based on the given ``items``.</doc>
<msg timestamp="20240816 17:24:13.638" level="INFO">${prefs} = {'download.default_directory': 'C:\\Users\\Samraddhi\\Desktop\\IQA-73 Jira\\wm-si-qa-automation\\Downloads\\Files'}</msg>
<status status="PASS" starttime="20240816 17:24:13.638" endtime="20240816 17:24:13.638"/>
</kw>
<kw name="Call Method" library="BuiltIn">
<arg>${options}</arg>
<arg>add_experimental_option</arg>
<arg>prefs</arg>
<arg>${prefs}</arg>
<doc>Calls the named method of the given object with the provided arguments.</doc>
<status status="PASS" starttime="20240816 17:24:13.638" endtime="20240816 17:24:13.638"/>
</kw>
<kw name="Open Browser" library="SeleniumLibrary">
<arg>${env_data.RR_application_url}</arg>
<arg>${env_data.browser}</arg>
<arg>options=${options}</arg>
<doc>Opens a new browser instance to the optional ``url``.</doc>
<msg timestamp="20240816 17:24:13.645" level="INFO">Opening browser 'chrome' to base url 'https://stg-rr.sportz.io/'.</msg>
<status status="PASS" starttime="20240816 17:24:13.638" endtime="20240816 17:24:17.700"/>
</kw>
<kw name="Set Window Size" library="SeleniumLibrary">
<arg>${env_data.window_height}</arg>
<arg>${env_data.window_width}</arg>
<doc>Sets current windows size to given ``width`` and ``height``.</doc>
<status status="PASS" starttime="20240816 17:24:17.700" endtime="20240816 17:24:18.083"/>
</kw>
<kw name="Maximize Browser Window" library="SeleniumLibrary">
<doc>Maximizes current browser window.</doc>
<status status="PASS" starttime="20240816 17:24:18.083" endtime="20240816 17:24:18.166"/>
</kw>
<status status="PASS" starttime="20240816 17:24:13.633" endtime="20240816 17:24:18.166"/>
</kw>
<kw name="Click On Hindi Menu" library="hindi_homescreen_keywords">
<kw name="Wait Until Element Is Visible" library="SeleniumLibrary">
<arg>${hindi_menu}</arg>
<doc>Waits until the element ``locator`` is visible.</doc>
<status status="PASS" starttime="20240816 17:24:18.166" endtime="20240816 17:24:18.237"/>
</kw>
<kw name="Click Element" library="SeleniumLibrary">
<arg>${hindi_menu}</arg>
<doc>Click the element identified by ``locator``.</doc>
<msg timestamp="20240816 17:24:18.237" level="INFO">Clicking element '//span[contains(text(),"हिंदी")]'.</msg>
<status status="PASS" starttime="20240816 17:24:18.237" endtime="20240816 17:24:18.640"/>
</kw>
<status status="PASS" starttime="20240816 17:24:18.166" endtime="20240816 17:24:18.640"/>
</kw>
<kw name="Click On Aur Dekhe Link" library="hindi_homescreen_keywords">
<arg>${view_more_link}</arg>
<kw name="Wait Until Element Is Visible" library="SeleniumLibrary">
<arg>${Aur_dekhe_link}</arg>
<arg>timeout=15</arg>
<doc>Waits until the element ``locator`` is visible.</doc>
<status status="PASS" starttime="20240816 17:24:18.640" endtime="20240816 17:24:18.678"/>
</kw>
<kw name="Click Element" library="SeleniumLibrary">
<arg>${Aur_dekhe_link}</arg>
<doc>Click the element identified by ``locator``.</doc>
<msg timestamp="20240816 17:24:18.679" level="INFO">Clicking element '//a[@class="view-all"]'.</msg>
<status status="PASS" starttime="20240816 17:24:18.678" endtime="20240816 17:24:18.995"/>
</kw>
<status status="PASS" starttime="20240816 17:24:18.640" endtime="20240816 17:24:18.995"/>
</kw>
<kw name="Apply Filter" library="hindi_homescreen_keywords">
<kw name="Wait Until Element Is Visible" library="SeleniumLibrary">
<arg>${filter_button}</arg>
<arg>timeout=15</arg>
<doc>Waits until the element ``locator`` is visible.</doc>
<status status="PASS" starttime="20240816 17:24:18.996" endtime="20240816 17:24:19.031"/>
</kw>
<kw name="Sleep" library="BuiltIn">
<arg>5s</arg>
<doc>Pauses the test executed for the given time.</doc>
<msg timestamp="20240816 17:24:24.032" level="INFO">Slept 5 seconds</msg>
<status status="PASS" starttime="20240816 17:24:19.031" endtime="20240816 17:24:24.032"/>
</kw>
<kw name="Click Element" library="SeleniumLibrary">
<arg>${filter_button}</arg>
<doc>Click the element identified by ``locator``.</doc>
<msg timestamp="20240816 17:24:24.032" level="INFO">Clicking element '//span[normalize-space()="Filter"]'.</msg>
<status status="PASS" starttime="20240816 17:24:24.032" endtime="20240816 17:24:24.092"/>
</kw>
<kw name="Wait Until Element Is Visible" library="SeleniumLibrary">
<arg>${filter_by_year_dropdown}</arg>
<arg>timeout=30</arg>
<doc>Waits until the element ``locator`` is visible.</doc>
<status status="PASS" starttime="20240816 17:24:24.092" endtime="20240816 17:24:24.113"/>
</kw>
<kw name="Click Element" library="SeleniumLibrary">
<arg>${filter_by_year_dropdown}</arg>
<doc>Click the element identified by ``locator``.</doc>
<msg timestamp="20240816 17:24:24.113" level="INFO">Clicking element '//p[normalize-space()="Filter by Year"]'.</msg>
<status status="PASS" starttime="20240816 17:24:24.113" endtime="20240816 17:24:24.156"/>
</kw>
<kw name="Wait Until Element Is Visible" library="SeleniumLibrary">
<arg>${filter_by_year_2023}</arg>
<arg>timeout=15</arg>
<doc>Waits until the element ``locator`` is visible.</doc>
<status status="PASS" starttime="20240816 17:24:24.156" endtime="20240816 17:24:24.175"/>
</kw>
<kw name="Click Element" library="SeleniumLibrary">
<arg>${filter_by_year_2023}</arg>
<doc>Click the element identified by ``locator``.</doc>
<msg timestamp="20240816 17:24:24.175" level="INFO">Clicking element '//button[normalize-space()="2023"]'.</msg>
<status status="PASS" starttime="20240816 17:24:24.175" endtime="20240816 17:24:24.217"/>
</kw>
<kw name="Wait Until Element Is Visible" library="SeleniumLibrary">
<arg>${apply_filter_button}</arg>
<arg>timeout=1</arg>
<doc>Waits until the element ``locator`` is visible.</doc>
<status status="PASS" starttime="20240816 17:24:24.217" endtime="20240816 17:24:24.238"/>
</kw>
<kw name="Click Element" library="SeleniumLibrary">
<arg>${apply_filter_button}</arg>
<doc>Click the element identified by ``locator``.</doc>
<msg timestamp="20240816 17:24:24.238" level="INFO">Clicking element '//span[normalize-space()="Apply Filters"]'.</msg>
<status status="PASS" starttime="20240816 17:24:24.238" endtime="20240816 17:24:24.527"/>
</kw>
<status status="PASS" starttime="20240816 17:24:18.996" endtime="20240816 17:24:24.527"/>
</kw>
<kw name="Verify Navigation Link" library="Web_Common_Keywords">
<arg>${filter_by_year_2023_url}</arg>
<kw name="Get Location" library="SeleniumLibrary">
<var>${current_url}</var>
<doc>Returns the current browser window URL.</doc>
<msg timestamp="20240816 17:24:24.537" level="INFO">${current_url} = https://stg-rr.sportz.io/hi/schedule-fixtures-results-2023</msg>
<status status="PASS" starttime="20240816 17:24:24.527" endtime="20240816 17:24:24.537"/>
</kw>
<kw name="Should Be Equal As Strings" library="BuiltIn">
<arg>${current_url}</arg>
<arg>${expected_url}</arg>
<doc>Fails if objects are unequal after converting them to strings.</doc>
<status status="PASS" starttime="20240816 17:24:24.537" endtime="20240816 17:24:24.537"/>
</kw>
<status status="PASS" starttime="20240816 17:24:24.527" endtime="20240816 17:24:24.537"/>
</kw>
<kw name="Verify That The Data Is Displayed For The Year 2023" library="hindi_homescreen_keywords">
<kw name="Sleep" library="BuiltIn">
<arg>2s</arg>
<doc>Pauses the test executed for the given time.</doc>
<msg timestamp="20240816 17:24:26.538" level="INFO">Slept 2 seconds</msg>
<status status="PASS" starttime="20240816 17:24:24.538" endtime="20240816 17:24:26.538"/>
</kw>
<kw name="Wait Until Element Is Visible" library="SeleniumLibrary">
<arg>${MATCHES_2023}</arg>
<arg>timeout=30</arg>
<doc>Waits until the element ``locator`` is visible.</doc>
<status status="PASS" starttime="20240816 17:24:26.538" endtime="20240816 17:24:26.594"/>
</kw>
<kw name="Get WebElements" library="SeleniumLibrary">
<var>${elements}</var>
<arg>${MATCHES_2023}</arg>
<doc>Returns a list of WebElement objects matching the ``locator``.</doc>
<msg timestamp="20240816 17:24:26.604" level="INFO">${elements} = [&lt;selenium.webdriver.remote.webelement.WebElement (session="591f8d7f5e5934b2251290c340c34508", element="f.1DEE5B5CBAFFC9346D94775251B64550.d.34BF5AA62FAE2554FEA2F9992CEE5F86.e.200")&gt;, &lt;selenium.webdri...</msg>
<status status="PASS" starttime="20240816 17:24:26.594" endtime="20240816 17:24:26.604"/>
</kw>
<kw name="Log" library="BuiltIn">
<arg>${elements}</arg>
<doc>Logs the given message with the given level.</doc>
<msg timestamp="20240816 17:24:26.604" level="INFO">[&lt;selenium.webdriver.remote.webelement.WebElement (session="591f8d7f5e5934b2251290c340c34508", element="f.1DEE5B5CBAFFC9346D94775251B64550.d.34BF5AA62FAE2554FEA2F9992CEE5F86.e.200")&gt;, &lt;selenium.webdriver.remote.webelement.WebElement (session="591f8d7f5e5934b2251290c340c34508", element="f.1DEE5B5CBAFFC9346D94775251B64550.d.34BF5AA62FAE2554FEA2F9992CEE5F86.e.201")&gt;, &lt;selenium.webdriver.remote.webelement.WebElement (session="591f8d7f5e5934b2251290c340c34508", element="f.1DEE5B5CBAFFC9346D94775251B64550.d.34BF5AA62FAE2554FEA2F9992CEE5F86.e.202")&gt;, &lt;selenium.webdriver.remote.webelement.WebElement (session="591f8d7f5e5934b2251290c340c34508", element="f.1DEE5B5CBAFFC9346D94775251B64550.d.34BF5AA62FAE2554FEA2F9992CEE5F86.e.203")&gt;, &lt;selenium.webdriver.remote.webelement.WebElement (session="591f8d7f5e5934b2251290c340c34508", element="f.1DEE5B5CBAFFC9346D94775251B64550.d.34BF5AA62FAE2554FEA2F9992CEE5F86.e.204")&gt;, &lt;selenium.webdriver.remote.webelement.WebElement (session="591f8d7f5e5934b2251290c340c34508", element="f.1DEE5B5CBAFFC9346D94775251B64550.d.34BF5AA62FAE2554FEA2F9992CEE5F86.e.205")&gt;, &lt;selenium.webdriver.remote.webelement.WebElement (session="591f8d7f5e5934b2251290c340c34508", element="f.1DEE5B5CBAFFC9346D94775251B64550.d.34BF5AA62FAE2554FEA2F9992CEE5F86.e.206")&gt;, &lt;selenium.webdriver.remote.webelement.WebElement (session="591f8d7f5e5934b2251290c340c34508", element="f.1DEE5B5CBAFFC9346D94775251B64550.d.34BF5AA62FAE2554FEA2F9992CEE5F86.e.207")&gt;, &lt;selenium.webdriver.remote.webelement.WebElement (session="591f8d7f5e5934b2251290c340c34508", element="f.1DEE5B5CBAFFC9346D94775251B64550.d.34BF5AA62FAE2554FEA2F9992CEE5F86.e.208")&gt;, &lt;selenium.webdriver.remote.webelement.WebElement (session="591f8d7f5e5934b2251290c340c34508", element="f.1DEE5B5CBAFFC9346D94775251B64550.d.34BF5AA62FAE2554FEA2F9992CEE5F86.e.209")&gt;, &lt;selenium.webdriver.remote.webelement.WebElement (session="591f8d7f5e5934b2251290c340c34508", element="f.1DEE5B5CBAFFC9346D94775251B64550.d.34BF5AA62FAE2554FEA2F9992CEE5F86.e.210")&gt;, &lt;selenium.webdriver.remote.webelement.WebElement (session="591f8d7f5e5934b2251290c340c34508", element="f.1DEE5B5CBAFFC9346D94775251B64550.d.34BF5AA62FAE2554FEA2F9992CEE5F86.e.211")&gt;, &lt;selenium.webdriver.remote.webelement.WebElement (session="591f8d7f5e5934b2251290c340c34508", element="f.1DEE5B5CBAFFC9346D94775251B64550.d.34BF5AA62FAE2554FEA2F9992CEE5F86.e.212")&gt;, &lt;selenium.webdriver.remote.webelement.WebElement (session="591f8d7f5e5934b2251290c340c34508", element="f.1DEE5B5CBAFFC9346D94775251B64550.d.34BF5AA62FAE2554FEA2F9992CEE5F86.e.213")&gt;]</msg>
<status status="PASS" starttime="20240816 17:24:26.604" endtime="20240816 17:24:26.604"/>
</kw>
<for flavor="IN">
<var>${element}</var>
<value>@{elements}</value>
<iter>
<var name="${element}">&lt;selenium.webdriver.remote.webelement.WebElement (session="591f8d7f5e5934b2251290c340c34508", element="f.1DEE5B5CBAFFC9346D94775251B64550.d.34BF5AA62FAE2554FEA2F9992CEE5F86.e.200")&gt;</var>
<kw name="Get Text" library="SeleniumLibrary">
<var>${text}</var>
<arg>${element}</arg>
<doc>Returns the text value of the element identified by ``locator``.</doc>
<msg timestamp="20240816 17:24:26.625" level="INFO">${text} = MAY 19, 2023</msg>
<status status="PASS" starttime="20240816 17:24:26.604" endtime="20240816 17:24:26.625"/>
</kw>
<kw name="Should Contain" library="BuiltIn">
<arg>${text}</arg>
<arg>2023</arg>
<doc>Fails if ``container`` does not contain ``item`` one or more times.</doc>
<status status="PASS" starttime="20240816 17:24:26.625" endtime="20240816 17:24:26.625"/>
</kw>
<status status="PASS" starttime="20240816 17:24:26.604" endtime="20240816 17:24:26.625"/>
</iter>
<iter>
<var name="${element}">&lt;selenium.webdriver.remote.webelement.WebElement (session="591f8d7f5e5934b2251290c340c34508", element="f.1DEE5B5CBAFFC9346D94775251B64550.d.34BF5AA62FAE2554FEA2F9992CEE5F86.e.201")&gt;</var>
<kw name="Get Text" library="SeleniumLibrary">
<var>${text}</var>
<arg>${element}</arg>
<doc>Returns the text value of the element identified by ``locator``.</doc>
<msg timestamp="20240816 17:24:26.641" level="INFO">${text} = MAY 14, 2023</msg>
<status status="PASS" starttime="20240816 17:24:26.625" endtime="20240816 17:24:26.641"/>
</kw>
<kw name="Should Contain" library="BuiltIn">
<arg>${text}</arg>
<arg>2023</arg>
<doc>Fails if ``container`` does not contain ``item`` one or more times.</doc>
<status status="PASS" starttime="20240816 17:24:26.641" endtime="20240816 17:24:26.642"/>
</kw>
<status status="PASS" starttime="20240816 17:24:26.625" endtime="20240816 17:24:26.642"/>
</iter>
<iter>
<var name="${element}">&lt;selenium.webdriver.remote.webelement.WebElement (session="591f8d7f5e5934b2251290c340c34508", element="f.1DEE5B5CBAFFC9346D94775251B64550.d.34BF5AA62FAE2554FEA2F9992CEE5F86.e.202")&gt;</var>
<kw name="Get Text" library="SeleniumLibrary">
<var>${text}</var>
<arg>${element}</arg>
<doc>Returns the text value of the element identified by ``locator``.</doc>
<msg timestamp="20240816 17:24:26.646" level="INFO">${text} = MAY 11, 2023</msg>
<status status="PASS" starttime="20240816 17:24:26.642" endtime="20240816 17:24:26.646"/>
</kw>
<kw name="Should Contain" library="BuiltIn">
<arg>${text}</arg>
<arg>2023</arg>
<doc>Fails if ``container`` does not contain ``item`` one or more times.</doc>
<status status="PASS" starttime="20240816 17:24:26.646" endtime="20240816 17:24:26.646"/>
</kw>
<status status="PASS" starttime="20240816 17:24:26.642" endtime="20240816 17:24:26.646"/>
</iter>
<iter>
<var name="${element}">&lt;selenium.webdriver.remote.webelement.WebElement (session="591f8d7f5e5934b2251290c340c34508", element="f.1DEE5B5CBAFFC9346D94775251B64550.d.34BF5AA62FAE2554FEA2F9992CEE5F86.e.203")&gt;</var>
<kw name="Get Text" library="SeleniumLibrary">
<var>${text}</var>
<arg>${element}</arg>
<doc>Returns the text value of the element identified by ``locator``.</doc>
<msg timestamp="20240816 17:24:26.662" level="INFO">${text} = MAY 07, 2023</msg>
<status status="PASS" starttime="20240816 17:24:26.646" endtime="20240816 17:24:26.662"/>
</kw>
<kw name="Should Contain" library="BuiltIn">
<arg>${text}</arg>
<arg>2023</arg>
<doc>Fails if ``container`` does not contain ``item`` one or more times.</doc>
<status status="PASS" starttime="20240816 17:24:26.662" endtime="20240816 17:24:26.662"/>
</kw>
<status status="PASS" starttime="20240816 17:24:26.646" endtime="20240816 17:24:26.662"/>
</iter>
<iter>
<var name="${element}">&lt;selenium.webdriver.remote.webelement.WebElement (session="591f8d7f5e5934b2251290c340c34508", element="f.1DEE5B5CBAFFC9346D94775251B64550.d.34BF5AA62FAE2554FEA2F9992CEE5F86.e.204")&gt;</var>
<kw name="Get Text" library="SeleniumLibrary">
<var>${text}</var>
<arg>${element}</arg>
<doc>Returns the text value of the element identified by ``locator``.</doc>
<msg timestamp="20240816 17:24:26.670" level="INFO">${text} = MAY 05, 2023</msg>
<status status="PASS" starttime="20240816 17:24:26.663" endtime="20240816 17:24:26.670"/>
</kw>
<kw name="Should Contain" library="BuiltIn">
<arg>${text}</arg>
<arg>2023</arg>
<doc>Fails if ``container`` does not contain ``item`` one or more times.</doc>
<status status="PASS" starttime="20240816 17:24:26.670" endtime="20240816 17:24:26.670"/>
</kw>
<status status="PASS" starttime="20240816 17:24:26.662" endtime="20240816 17:24:26.670"/>
</iter>
<iter>
<var name="${element}">&lt;selenium.webdriver.remote.webelement.WebElement (session="591f8d7f5e5934b2251290c340c34508", element="f.1DEE5B5CBAFFC9346D94775251B64550.d.34BF5AA62FAE2554FEA2F9992CEE5F86.e.205")&gt;</var>
<kw name="Get Text" library="SeleniumLibrary">
<var>${text}</var>
<arg>${element}</arg>
<doc>Returns the text value of the element identified by ``locator``.</doc>
<msg timestamp="20240816 17:24:26.676" level="INFO">${text} = APR 30, 2023</msg>
<status status="PASS" starttime="20240816 17:24:26.670" endtime="20240816 17:24:26.676"/>
</kw>
<kw name="Should Contain" library="BuiltIn">
<arg>${text}</arg>
<arg>2023</arg>
<doc>Fails if ``container`` does not contain ``item`` one or more times.</doc>
<status status="PASS" starttime="20240816 17:24:26.680" endtime="20240816 17:24:26.680"/>
</kw>
<status status="PASS" starttime="20240816 17:24:26.670" endtime="20240816 17:24:26.680"/>
</iter>
<iter>
<var name="${element}">&lt;selenium.webdriver.remote.webelement.WebElement (session="591f8d7f5e5934b2251290c340c34508", element="f.1DEE5B5CBAFFC9346D94775251B64550.d.34BF5AA62FAE2554FEA2F9992CEE5F86.e.206")&gt;</var>
<kw name="Get Text" library="SeleniumLibrary">
<var>${text}</var>
<arg>${element}</arg>
<doc>Returns the text value of the element identified by ``locator``.</doc>
<msg timestamp="20240816 17:24:26.687" level="INFO">${text} = APR 27, 2023</msg>
<status status="PASS" starttime="20240816 17:24:26.680" endtime="20240816 17:24:26.687"/>
</kw>
<kw name="Should Contain" library="BuiltIn">
<arg>${text}</arg>
<arg>2023</arg>
<doc>Fails if ``container`` does not contain ``item`` one or more times.</doc>
<status status="PASS" starttime="20240816 17:24:26.687" endtime="20240816 17:24:26.687"/>
</kw>
<status status="PASS" starttime="20240816 17:24:26.680" endtime="20240816 17:24:26.687"/>
</iter>
<iter>
<var name="${element}">&lt;selenium.webdriver.remote.webelement.WebElement (session="591f8d7f5e5934b2251290c340c34508", element="f.1DEE5B5CBAFFC9346D94775251B64550.d.34BF5AA62FAE2554FEA2F9992CEE5F86.e.207")&gt;</var>
<kw name="Get Text" library="SeleniumLibrary">
<var>${text}</var>
<arg>${element}</arg>
<doc>Returns the text value of the element identified by ``locator``.</doc>
<msg timestamp="20240816 17:24:26.697" level="INFO">${text} = APR 23, 2023</msg>
<status status="PASS" starttime="20240816 17:24:26.687" endtime="20240816 17:24:26.697"/>
</kw>
<kw name="Should Contain" library="BuiltIn">
<arg>${text}</arg>
<arg>2023</arg>
<doc>Fails if ``container`` does not contain ``item`` one or more times.</doc>
<status status="PASS" starttime="20240816 17:24:26.697" endtime="20240816 17:24:26.697"/>
</kw>
<status status="PASS" starttime="20240816 17:24:26.687" endtime="20240816 17:24:26.697"/>
</iter>
<iter>
<var name="${element}">&lt;selenium.webdriver.remote.webelement.WebElement (session="591f8d7f5e5934b2251290c340c34508", element="f.1DEE5B5CBAFFC9346D94775251B64550.d.34BF5AA62FAE2554FEA2F9992CEE5F86.e.208")&gt;</var>
<kw name="Get Text" library="SeleniumLibrary">
<var>${text}</var>
<arg>${element}</arg>
<doc>Returns the text value of the element identified by ``locator``.</doc>
<msg timestamp="20240816 17:24:26.705" level="INFO">${text} = APR 19, 2023</msg>
<status status="PASS" starttime="20240816 17:24:26.697" endtime="20240816 17:24:26.705"/>
</kw>
<kw name="Should Contain" library="BuiltIn">
<arg>${text}</arg>
<arg>2023</arg>
<doc>Fails if ``container`` does not contain ``item`` one or more times.</doc>
<status status="PASS" starttime="20240816 17:24:26.705" endtime="20240816 17:24:26.705"/>
</kw>
<status status="PASS" starttime="20240816 17:24:26.697" endtime="20240816 17:24:26.705"/>
</iter>
<iter>
<var name="${element}">&lt;selenium.webdriver.remote.webelement.WebElement (session="591f8d7f5e5934b2251290c340c34508", element="f.1DEE5B5CBAFFC9346D94775251B64550.d.34BF5AA62FAE2554FEA2F9992CEE5F86.e.209")&gt;</var>
<kw name="Get Text" library="SeleniumLibrary">
<var>${text}</var>
<arg>${element}</arg>
<doc>Returns the text value of the element identified by ``locator``.</doc>
<msg timestamp="20240816 17:24:26.707" level="INFO">${text} = APR 16, 2023</msg>
<status status="PASS" starttime="20240816 17:24:26.705" endtime="20240816 17:24:26.707"/>
</kw>
<kw name="Should Contain" library="BuiltIn">
<arg>${text}</arg>
<arg>2023</arg>
<doc>Fails if ``container`` does not contain ``item`` one or more times.</doc>
<status status="PASS" starttime="20240816 17:24:26.707" endtime="20240816 17:24:26.707"/>
</kw>
<status status="PASS" starttime="20240816 17:24:26.705" endtime="20240816 17:24:26.707"/>
</iter>
<iter>
<var name="${element}">&lt;selenium.webdriver.remote.webelement.WebElement (session="591f8d7f5e5934b2251290c340c34508", element="f.1DEE5B5CBAFFC9346D94775251B64550.d.34BF5AA62FAE2554FEA2F9992CEE5F86.e.210")&gt;</var>
<kw name="Get Text" library="SeleniumLibrary">
<var>${text}</var>
<arg>${element}</arg>
<doc>Returns the text value of the element identified by ``locator``.</doc>
<msg timestamp="20240816 17:24:26.722" level="INFO">${text} = APR 12, 2023</msg>
<status status="PASS" starttime="20240816 17:24:26.707" endtime="20240816 17:24:26.722"/>
</kw>
<kw name="Should Contain" library="BuiltIn">
<arg>${text}</arg>
<arg>2023</arg>
<doc>Fails if ``container`` does not contain ``item`` one or more times.</doc>
<status status="PASS" starttime="20240816 17:24:26.722" endtime="20240816 17:24:26.722"/>
</kw>
<status status="PASS" starttime="20240816 17:24:26.707" endtime="20240816 17:24:26.722"/>
</iter>
<iter>
<var name="${element}">&lt;selenium.webdriver.remote.webelement.WebElement (session="591f8d7f5e5934b2251290c340c34508", element="f.1DEE5B5CBAFFC9346D94775251B64550.d.34BF5AA62FAE2554FEA2F9992CEE5F86.e.211")&gt;</var>
<kw name="Get Text" library="SeleniumLibrary">
<var>${text}</var>
<arg>${element}</arg>
<doc>Returns the text value of the element identified by ``locator``.</doc>
<msg timestamp="20240816 17:24:26.728" level="INFO">${text} = APR 08, 2023</msg>
<status status="PASS" starttime="20240816 17:24:26.722" endtime="20240816 17:24:26.728"/>
</kw>
<kw name="Should Contain" library="BuiltIn">
<arg>${text}</arg>
<arg>2023</arg>
<doc>Fails if ``container`` does not contain ``item`` one or more times.</doc>
<status status="PASS" starttime="20240816 17:24:26.728" endtime="20240816 17:24:26.728"/>
</kw>
<status status="PASS" starttime="20240816 17:24:26.722" endtime="20240816 17:24:26.728"/>
</iter>
<iter>
<var name="${element}">&lt;selenium.webdriver.remote.webelement.WebElement (session="591f8d7f5e5934b2251290c340c34508", element="f.1DEE5B5CBAFFC9346D94775251B64550.d.34BF5AA62FAE2554FEA2F9992CEE5F86.e.212")&gt;</var>
<kw name="Get Text" library="SeleniumLibrary">
<var>${text}</var>
<arg>${element}</arg>
<doc>Returns the text value of the element identified by ``locator``.</doc>
<msg timestamp="20240816 17:24:26.739" level="INFO">${text} = APR 05, 2023</msg>
<status status="PASS" starttime="20240816 17:24:26.728" endtime="20240816 17:24:26.739"/>
</kw>
<kw name="Should Contain" library="BuiltIn">
<arg>${text}</arg>
<arg>2023</arg>
<doc>Fails if ``container`` does not contain ``item`` one or more times.</doc>
<status status="PASS" starttime="20240816 17:24:26.739" endtime="20240816 17:24:26.739"/>
</kw>
<status status="PASS" starttime="20240816 17:24:26.728" endtime="20240816 17:24:26.739"/>
</iter>
<iter>
<var name="${element}">&lt;selenium.webdriver.remote.webelement.WebElement (session="591f8d7f5e5934b2251290c340c34508", element="f.1DEE5B5CBAFFC9346D94775251B64550.d.34BF5AA62FAE2554FEA2F9992CEE5F86.e.213")&gt;</var>
<kw name="Get Text" library="SeleniumLibrary">
<var>${text}</var>
<arg>${element}</arg>
<doc>Returns the text value of the element identified by ``locator``.</doc>
<msg timestamp="20240816 17:24:26.749" level="INFO">${text} = APR 02, 2023</msg>
<status status="PASS" starttime="20240816 17:24:26.739" endtime="20240816 17:24:26.749"/>
</kw>
<kw name="Should Contain" library="BuiltIn">
<arg>${text}</arg>
<arg>2023</arg>
<doc>Fails if ``container`` does not contain ``item`` one or more times.</doc>
<status status="PASS" starttime="20240816 17:24:26.749" endtime="20240816 17:24:26.749"/>
</kw>
<status status="PASS" starttime="20240816 17:24:26.739" endtime="20240816 17:24:26.749"/>
</iter>
<status status="PASS" starttime="20240816 17:24:26.604" endtime="20240816 17:24:26.749"/>
</for>
<status status="PASS" starttime="20240816 17:24:24.537" endtime="20240816 17:24:26.749"/>
</kw>
<kw name="Close Browser" library="SeleniumLibrary" type="TEARDOWN">
<doc>Closes the current browser.</doc>
<status status="PASS" starttime="20240816 17:24:26.749" endtime="20240816 17:24:28.974"/>
</kw>
<tag>HindiFixture</tag>
<status status="PASS" starttime="20240816 17:24:13.633" endtime="20240816 17:24:28.974"/>
</test>
<test id="s1-s1-s1-s1-t3" name="TC204 Verify the redirections of fixtures view more link" line="47">
<kw name="Launch Application" library="login_keywords" type="SETUP">
<kw name="Get Environment Data" library="user_keywords">
<var>${env_data}</var>
<arg>${web_environment}</arg>
<msg timestamp="20240816 17:24:28.974" level="INFO">${env_data} = {'RR_application_url': 'https://stg-rr.sportz.io/', 'RR_CMS_application_url': 'https://beta-wafcms.sportz.io/login/login?refval', 'KC_CMS_application_url': 'https://beta-wafcms.sportz.io/login/login?r...</msg>
<status status="PASS" starttime="20240816 17:24:28.974" endtime="20240816 17:24:28.974"/>
</kw>
<kw name="Create Dictionary" library="BuiltIn">
<var>${env_data}</var>
<arg>&amp;{env_data}</arg>
<doc>Creates and returns a dictionary based on the given ``items``.</doc>
<msg timestamp="20240816 17:24:28.974" level="INFO">${env_data} = {'RR_application_url': 'https://stg-rr.sportz.io/', 'RR_CMS_application_url': 'https://beta-wafcms.sportz.io/login/login?refval', 'KC_CMS_application_url': 'https://beta-wafcms.sportz.io/login/login?r...</msg>
<status status="PASS" starttime="20240816 17:24:28.974" endtime="20240816 17:24:28.974"/>
</kw>
<kw name="Evaluate" library="BuiltIn">
<var>${options}</var>
<arg>sys.modules['selenium.webdriver'].ChromeOptions()</arg>
<arg>sys, selenium.webdriver</arg>
<doc>Evaluates the given expression in Python and returns the result.</doc>
<msg timestamp="20240816 17:24:28.974" level="INFO">${options} = &lt;selenium.webdriver.chrome.options.Options object at 0x000002B2D1086960&gt;</msg>
<status status="PASS" starttime="20240816 17:24:28.974" endtime="20240816 17:24:28.974"/>
</kw>
<kw name="Evaluate" library="BuiltIn">
<var>${options}</var>
<arg>sys.modules['selenium.webdriver'].ChromeOptions()</arg>
<arg>sys, selenium.webdriver</arg>
<doc>Evaluates the given expression in Python and returns the result.</doc>
<msg timestamp="20240816 17:24:28.974" level="INFO">${options} = &lt;selenium.webdriver.chrome.options.Options object at 0x000002B2CFB0DD60&gt;</msg>
<status status="PASS" starttime="20240816 17:24:28.974" endtime="20240816 17:24:28.974"/>
</kw>
<kw name="Create Dictionary" library="BuiltIn">
<var>${prefs}</var>
<arg>download.default_directory=${default_download_path}</arg>
<doc>Creates and returns a dictionary based on the given ``items``.</doc>
<msg timestamp="20240816 17:24:28.974" level="INFO">${prefs} = {'download.default_directory': 'C:\\Users\\Samraddhi\\Desktop\\IQA-73 Jira\\wm-si-qa-automation\\Downloads\\Files'}</msg>
<status status="PASS" starttime="20240816 17:24:28.974" endtime="20240816 17:24:28.974"/>
</kw>
<kw name="Call Method" library="BuiltIn">
<arg>${options}</arg>
<arg>add_experimental_option</arg>
<arg>prefs</arg>
<arg>${prefs}</arg>
<doc>Calls the named method of the given object with the provided arguments.</doc>
<status status="PASS" starttime="20240816 17:24:28.974" endtime="20240816 17:24:28.974"/>
</kw>
<kw name="Open Browser" library="SeleniumLibrary">
<arg>${env_data.RR_application_url}</arg>
<arg>${env_data.browser}</arg>
<arg>options=${options}</arg>
<doc>Opens a new browser instance to the optional ``url``.</doc>
<msg timestamp="20240816 17:24:28.974" level="INFO">Opening browser 'chrome' to base url 'https://stg-rr.sportz.io/'.</msg>
<status status="PASS" starttime="20240816 17:24:28.974" endtime="20240816 17:24:33.016"/>
</kw>
<kw name="Set Window Size" library="SeleniumLibrary">
<arg>${env_data.window_height}</arg>
<arg>${env_data.window_width}</arg>
<doc>Sets current windows size to given ``width`` and ``height``.</doc>
<status status="PASS" starttime="20240816 17:24:33.016" endtime="20240816 17:24:33.389"/>
</kw>
<kw name="Maximize Browser Window" library="SeleniumLibrary">
<doc>Maximizes current browser window.</doc>
<status status="PASS" starttime="20240816 17:24:33.389" endtime="20240816 17:24:33.472"/>
</kw>
<status status="PASS" starttime="20240816 17:24:28.974" endtime="20240816 17:24:33.472"/>
</kw>
<kw name="Click On Hindi Menu" library="hindi_homescreen_keywords">
<kw name="Wait Until Element Is Visible" library="SeleniumLibrary">
<arg>${hindi_menu}</arg>
<doc>Waits until the element ``locator`` is visible.</doc>
<status status="PASS" starttime="20240816 17:24:33.472" endtime="20240816 17:24:33.615"/>
</kw>
<kw name="Click Element" library="SeleniumLibrary">
<arg>${hindi_menu}</arg>
<doc>Click the element identified by ``locator``.</doc>
<msg timestamp="20240816 17:24:33.615" level="INFO">Clicking element '//span[contains(text(),"हिंदी")]'.</msg>
<status status="PASS" starttime="20240816 17:24:33.615" endtime="20240816 17:24:34.006"/>
</kw>
<status status="PASS" starttime="20240816 17:24:33.472" endtime="20240816 17:24:34.006"/>
</kw>
<kw name="Click On Aur Dekhe Link" library="hindi_homescreen_keywords">
<arg>${view_more_link}</arg>
<kw name="Wait Until Element Is Visible" library="SeleniumLibrary">
<arg>${Aur_dekhe_link}</arg>
<arg>timeout=15</arg>
<doc>Waits until the element ``locator`` is visible.</doc>
<status status="PASS" starttime="20240816 17:24:34.006" endtime="20240816 17:24:34.041"/>
</kw>
<kw name="Click Element" library="SeleniumLibrary">
<arg>${Aur_dekhe_link}</arg>
<doc>Click the element identified by ``locator``.</doc>
<msg timestamp="20240816 17:24:34.042" level="INFO">Clicking element '//a[@class="view-all"]'.</msg>
<status status="PASS" starttime="20240816 17:24:34.042" endtime="20240816 17:24:34.335"/>
</kw>
<status status="PASS" starttime="20240816 17:24:34.006" endtime="20240816 17:24:34.335"/>
</kw>
<kw name="Verify Navigation Link" library="Web_Common_Keywords">
<arg>${aur_dekhe_url}</arg>
<kw name="Get Location" library="SeleniumLibrary">
<var>${current_url}</var>
<doc>Returns the current browser window URL.</doc>
<msg timestamp="20240816 17:24:34.341" level="INFO">${current_url} = https://stg-rr.sportz.io/hi/schedule-fixtures-results</msg>
<status status="PASS" starttime="20240816 17:24:34.335" endtime="20240816 17:24:34.341"/>
</kw>
<kw name="Should Be Equal As Strings" library="BuiltIn">
<arg>${current_url}</arg>
<arg>${expected_url}</arg>
<doc>Fails if objects are unequal after converting them to strings.</doc>
<status status="PASS" starttime="20240816 17:24:34.341" endtime="20240816 17:24:34.341"/>
</kw>
<status status="PASS" starttime="20240816 17:24:34.335" endtime="20240816 17:24:34.341"/>
</kw>
<kw name="Close Browser" library="SeleniumLibrary" type="TEARDOWN">
<doc>Closes the current browser.</doc>
<status status="PASS" starttime="20240816 17:24:34.341" endtime="20240816 17:24:36.568"/>
</kw>
<tag>HindiHomescreennew</tag>
<status status="PASS" starttime="20240816 17:24:28.974" endtime="20240816 17:24:36.568"/>
</test>
<status status="PASS" starttime="20240816 17:23:40.964" endtime="20240816 17:24:36.568"/>
</suite>
<status status="PASS" starttime="20240816 17:23:40.957" endtime="20240816 17:24:36.568"/>
</suite>
<suite id="s1-s1-s2" name="Royals Rajasthan Foundation" source="C:\Users\Samraddhi\Desktop\IQA-73 Jira\wm-si-qa-automation\Web\RR\TestCases\Royals Rajasthan Foundation">
<suite id="s1-s1-s2-s1" name="Royals rajasthan foundation test" source="C:\Users\Samraddhi\Desktop\IQA-73 Jira\wm-si-qa-automation\Web\RR\TestCases\Royals Rajasthan Foundation\Royals_rajasthan_foundation_test.robot">
<test id="s1-s1-s2-s1-t1" name="TC168 Verify Autofilled data on donation form of Elite User" line="25">
<kw name="Launch Application" library="login_keywords" type="SETUP">
<kw name="Get Environment Data" library="user_keywords">
<var>${env_data}</var>
<arg>${web_environment}</arg>
<msg timestamp="20240816 17:24:39.015" level="INFO">${env_data} = {'RR_application_url': 'https://stg-rr.sportz.io/', 'RR_CMS_application_url': 'https://beta-wafcms.sportz.io/login/login?refval', 'KC_CMS_application_url': 'https://beta-wafcms.sportz.io/login/login?r...</msg>
<status status="PASS" starttime="20240816 17:24:39.005" endtime="20240816 17:24:39.015"/>
</kw>
<kw name="Create Dictionary" library="BuiltIn">
<var>${env_data}</var>
<arg>&amp;{env_data}</arg>
<doc>Creates and returns a dictionary based on the given ``items``.</doc>
<msg timestamp="20240816 17:24:39.015" level="INFO">${env_data} = {'RR_application_url': 'https://stg-rr.sportz.io/', 'RR_CMS_application_url': 'https://beta-wafcms.sportz.io/login/login?refval', 'KC_CMS_application_url': 'https://beta-wafcms.sportz.io/login/login?r...</msg>
<status status="PASS" starttime="20240816 17:24:39.015" endtime="20240816 17:24:39.015"/>
</kw>
<kw name="Evaluate" library="BuiltIn">
<var>${options}</var>
<arg>sys.modules['selenium.webdriver'].ChromeOptions()</arg>
<arg>sys, selenium.webdriver</arg>
<doc>Evaluates the given expression in Python and returns the result.</doc>
<msg timestamp="20240816 17:24:39.015" level="INFO">${options} = &lt;selenium.webdriver.chrome.options.Options object at 0x000002B2D10AE630&gt;</msg>
<status status="PASS" starttime="20240816 17:24:39.015" endtime="20240816 17:24:39.015"/>
</kw>
<kw name="Evaluate" library="BuiltIn">
<var>${options}</var>
<arg>sys.modules['selenium.webdriver'].ChromeOptions()</arg>
<arg>sys, selenium.webdriver</arg>
<doc>Evaluates the given expression in Python and returns the result.</doc>
<msg timestamp="20240816 17:24:39.015" level="INFO">${options} = &lt;selenium.webdriver.chrome.options.Options object at 0x000002B2D10ADEB0&gt;</msg>
<status status="PASS" starttime="20240816 17:24:39.015" endtime="20240816 17:24:39.015"/>
</kw>
<kw name="Create Dictionary" library="BuiltIn">
<var>${prefs}</var>
<arg>download.default_directory=${default_download_path}</arg>
<doc>Creates and returns a dictionary based on the given ``items``.</doc>
<msg timestamp="20240816 17:24:39.015" level="INFO">${prefs} = {'download.default_directory': 'C:\\Users\\Samraddhi\\Desktop\\IQA-73 Jira\\wm-si-qa-automation\\Downloads\\Files'}</msg>
<status status="PASS" starttime="20240816 17:24:39.015" endtime="20240816 17:24:39.015"/>
</kw>
<kw name="Call Method" library="BuiltIn">
<arg>${options}</arg>
<arg>add_experimental_option</arg>
<arg>prefs</arg>
<arg>${prefs}</arg>
<doc>Calls the named method of the given object with the provided arguments.</doc>
<status status="PASS" starttime="20240816 17:24:39.015" endtime="20240816 17:24:39.015"/>
</kw>
<kw name="Open Browser" library="SeleniumLibrary">
<arg>${env_data.RR_application_url}</arg>
<arg>${env_data.browser}</arg>
<arg>options=${options}</arg>
<doc>Opens a new browser instance to the optional ``url``.</doc>
<msg timestamp="20240816 17:24:39.015" level="INFO">Opening browser 'chrome' to base url 'https://stg-rr.sportz.io/'.</msg>
<status status="PASS" starttime="20240816 17:24:39.015" endtime="20240816 17:24:42.708"/>
</kw>
<kw name="Set Window Size" library="SeleniumLibrary">
<arg>${env_data.window_height}</arg>
<arg>${env_data.window_width}</arg>
<doc>Sets current windows size to given ``width`` and ``height``.</doc>
<status status="PASS" starttime="20240816 17:24:42.708" endtime="20240816 17:24:43.089"/>
</kw>
<kw name="Maximize Browser Window" library="SeleniumLibrary">
<doc>Maximizes current browser window.</doc>
<status status="PASS" starttime="20240816 17:24:43.089" endtime="20240816 17:24:43.157"/>
</kw>
<status status="PASS" starttime="20240816 17:24:39.005" endtime="20240816 17:24:43.157"/>
</kw>
<kw name="Fetch Data By Id" library="user_keywords">
<var>&amp;{data}</var>
<arg>${royal_foundation_testdata}</arg>
<arg>1</arg>
<msg timestamp="20240816 17:24:43.164" level="INFO">&amp;{data} = { id=1 | mobile_number=9191000001 | email=sse1@gmail.com | imapaddress=None | port=None | emailid_mail=None | app_password=None | mail_title=None | Mailbodytxt_one=None | mailbodytxt_two=None | mailbo...</msg>
<status status="PASS" starttime="20240816 17:24:43.157" endtime="20240816 17:24:43.164"/>
</kw>
<kw name="Login To CMS And Delete User From CMS" library="otp_keywords">
<arg>${data.mobile_number}</arg>
<kw name="Open CMS Window" library="otp_keywords">
<kw name="Get Environment Data" library="user_keywords">
<var>${env_data}</var>
<arg>${web_environment}</arg>
<msg timestamp="20240816 17:24:43.172" level="INFO">${env_data} = {'RR_application_url': 'https://stg-rr.sportz.io/', 'RR_CMS_application_url': 'https://beta-wafcms.sportz.io/login/login?refval', 'KC_CMS_application_url': 'https://beta-wafcms.sportz.io/login/login?r...</msg>
<status status="PASS" starttime="20240816 17:24:43.169" endtime="20240816 17:24:43.172"/>
</kw>
<kw name="Create Dictionary" library="BuiltIn">
<var>${env_data}</var>
<arg>&amp;{env_data}</arg>
<doc>Creates and returns a dictionary based on the given ``items``.</doc>
<msg timestamp="20240816 17:24:43.172" level="INFO">${env_data} = {'RR_application_url': 'https://stg-rr.sportz.io/', 'RR_CMS_application_url': 'https://beta-wafcms.sportz.io/login/login?refval', 'KC_CMS_application_url': 'https://beta-wafcms.sportz.io/login/login?r...</msg>
<status status="PASS" starttime="20240816 17:24:43.172" endtime="20240816 17:24:43.172"/>
</kw>
<kw name="Execute Javascript" library="SeleniumLibrary">
<arg>window.open('${env_data.RR_CMS_application_url}');</arg>
<doc>Executes the given JavaScript code with possible arguments.</doc>
<msg timestamp="20240816 17:24:43.174" level="INFO">Executing JavaScript:
window.open('https://beta-wafcms.sportz.io/login/login?refval');
Without any arguments.</msg>
<status status="PASS" starttime="20240816 17:24:43.172" endtime="20240816 17:24:43.245"/>
</kw>
<status status="PASS" starttime="20240816 17:24:43.169" endtime="20240816 17:24:43.245"/>
</kw>
<kw name="Switch Window" library="SeleniumLibrary">
<arg>NEW</arg>
<doc>Switches to browser window matching ``locator``.</doc>
<status status="PASS" starttime="20240816 17:24:43.245" endtime="20240816 17:24:43.257"/>
</kw>
<kw name="Wait Until Element Is Visible" library="SeleniumLibrary">
<arg>${cms_client_id}</arg>
<arg>timeout=30</arg>
<doc>Waits until the element ``locator`` is visible.</doc>
<status status="PASS" starttime="20240816 17:24:43.257" endtime="20240816 17:24:48.144"/>
</kw>
<kw name="Input Text" library="SeleniumLibrary">
<arg>${cms_client_id}</arg>
<arg>rr01</arg>
<doc>Types the given ``text`` into the text field identified by ``locator``.</doc>
<msg timestamp="20240816 17:24:48.152" level="INFO">Typing text 'rr01' into text field '//input[@id="clientid"]'.</msg>
<status status="PASS" starttime="20240816 17:24:48.152" endtime="20240816 17:24:48.245"/>
</kw>
<kw name="Input Text" library="SeleniumLibrary">
<arg>${cms_username}</arg>
<arg>delete_user</arg>
<doc>Types the given ``text`` into the text field identified by ``locator``.</doc>
<msg timestamp="20240816 17:24:48.245" level="INFO">Typing text 'delete_user' into text field '//input[@id="username"]'.</msg>
<status status="PASS" starttime="20240816 17:24:48.245" endtime="20240816 17:24:48.366"/>
</kw>
<kw name="Input Text" library="SeleniumLibrary">
<arg>${cms_password}</arg>
<arg>User@12345</arg>
<doc>Types the given ``text`` into the text field identified by ``locator``.</doc>
<msg timestamp="20240816 17:24:48.366" level="INFO">Typing text 'User@12345' into text field '//input[@id="password"]'.</msg>
<status status="PASS" starttime="20240816 17:24:48.366" endtime="20240816 17:24:48.492"/>
</kw>
<kw name="Wait Until Element Is Visible" library="SeleniumLibrary">
<arg>${cms_login_button}</arg>
<doc>Waits until the element ``locator`` is visible.</doc>
<status status="PASS" starttime="20240816 17:24:48.494" endtime="20240816 17:24:48.525"/>
</kw>
<kw name="Sleep" library="BuiltIn">
<arg>1</arg>
<doc>Pauses the test executed for the given time.</doc>
<msg timestamp="20240816 17:24:49.525" level="INFO">Slept 1 second</msg>
<status status="PASS" starttime="20240816 17:24:48.525" endtime="20240816 17:24:49.525"/>
</kw>
<kw name="Click Element" library="SeleniumLibrary">
<arg>${cms_login_button}</arg>
<doc>Click the element identified by ``locator``.</doc>
<msg timestamp="20240816 17:24:49.525" level="INFO">Clicking element '//input[@value="Login"]'.</msg>
<status status="PASS" starttime="20240816 17:24:49.525" endtime="20240816 17:24:52.145"/>
</kw>
<kw name="Wait Until Element Is Visible" library="SeleniumLibrary">
<arg>${showcase_icon}</arg>
<arg>timeout=30</arg>
<doc>Waits until the element ``locator`` is visible.</doc>
<status status="PASS" starttime="20240816 17:24:52.146" endtime="20240816 17:24:52.168"/>
</kw>
<kw name="Click Element" library="SeleniumLibrary">
<arg>${showcase_icon}</arg>
<doc>Click the element identified by ``locator``.</doc>
<msg timestamp="20240816 17:24:52.168" level="INFO">Clicking element '//li[@class="nav-showcase"]/a'.</msg>
<status status="PASS" starttime="20240816 17:24:52.168" endtime="20240816 17:24:52.214"/>
</kw>
<kw name="Wait Until Element Is Visible" library="SeleniumLibrary">
<arg>${delete_data_btn}</arg>
<doc>Waits until the element ``locator`` is visible.</doc>
<status status="PASS" starttime="20240816 17:24:52.215" endtime="20240816 17:24:52.237"/>
</kw>
<kw name="Click Element" library="SeleniumLibrary">
<arg>${delete_data_btn}</arg>
<doc>Click the element identified by ``locator``.</doc>
<msg timestamp="20240816 17:24:52.238" level="INFO">Clicking element '//span[text()="Delete Data"]'.</msg>
<status status="PASS" starttime="20240816 17:24:52.238" endtime="20240816 17:24:52.870"/>
</kw>
<kw name="Wait Until Element Is Visible" library="SeleniumLibrary">
<arg>${mobile_num_input}</arg>
<doc>Waits until the element ``locator`` is visible.</doc>
<status status="PASS" starttime="20240816 17:24:52.870" endtime="20240816 17:24:52.892"/>
</kw>
<kw name="Input Text" library="SeleniumLibrary">
<arg>${mobile_num_input}</arg>
<arg>${mobile_number}</arg>
<doc>Types the given ``text`` into the text field identified by ``locator``.</doc>
<msg timestamp="20240816 17:24:52.892" level="INFO">Typing text '9191000001' into text field '//input[@id="data_mobile_no"]'.</msg>
<status status="PASS" starttime="20240816 17:24:52.892" endtime="20240816 17:24:52.976"/>
</kw>
<kw name="Click Element" library="SeleniumLibrary">
<arg>${delete_user_btn}</arg>
<doc>Click the element identified by ``locator``.</doc>
<msg timestamp="20240816 17:24:52.976" level="INFO">Clicking element '//button[@name="userjson"]'.</msg>
<status status="PASS" starttime="20240816 17:24:52.976" endtime="20240816 17:24:53.411"/>
</kw>
<kw name="Run Keyword And Ignore Error" library="BuiltIn">
<var>${status}</var>
<var>${result}</var>
<arg>Wait Until Element Is Visible</arg>
<arg>${deleted_msg}</arg>
<arg>timeout=20</arg>
<doc>Runs the given keyword with the given arguments and ignores possible error.</doc>
<kw name="Wait Until Element Is Visible" library="SeleniumLibrary">
<arg>${deleted_msg}</arg>
<arg>timeout=20</arg>
<doc>Waits until the element ``locator`` is visible.</doc>
<status status="PASS" starttime="20240816 17:24:53.411" endtime="20240816 17:24:53.432"/>
</kw>
<msg timestamp="20240816 17:24:53.432" level="INFO">${status} = PASS</msg>
<msg timestamp="20240816 17:24:53.432" level="INFO">${result} = None</msg>
<status status="PASS" starttime="20240816 17:24:53.411" endtime="20240816 17:24:53.432"/>
</kw>
<kw name="Run Keyword If" library="BuiltIn">
<arg>'${status}' == 'PASS'</arg>
<arg>Log</arg>
<arg>Mobile number deleted succesfully</arg>
<arg>ELSE</arg>
<arg>Close Window</arg>
<doc>Runs the given keyword with the given arguments, if ``condition`` is true.</doc>
<kw name="Log" library="BuiltIn">
<arg>Mobile number deleted succesfully</arg>
<doc>Logs the given message with the given level.</doc>
<msg timestamp="20240816 17:24:53.432" level="INFO">Mobile number deleted succesfully</msg>
<status status="PASS" starttime="20240816 17:24:53.432" endtime="20240816 17:24:53.432"/>
</kw>
<status status="PASS" starttime="20240816 17:24:53.432" endtime="20240816 17:24:53.432"/>
</kw>
<kw name="Switch Window" library="SeleniumLibrary">
<arg>Main</arg>
<doc>Switches to browser window matching ``locator``.</doc>
<status status="PASS" starttime="20240816 17:24:53.432" endtime="20240816 17:24:53.451"/>
</kw>
<status status="PASS" starttime="20240816 17:24:43.164" endtime="20240816 17:24:53.451"/>
</kw>
<kw name="Check Visibility And Click On Element" library="Web_Common_Keywords">
<arg>${login_button}</arg>
<kw name="Wait Until Element Is Visible" library="SeleniumLibrary">
<arg>${element}</arg>
<arg>timeout=30</arg>
<doc>Waits until the element ``locator`` is visible.</doc>
<status status="PASS" starttime="20240816 17:24:53.453" endtime="20240816 17:24:53.597"/>
</kw>
<kw name="Wait For Five Seconds" library="Web_Common_Keywords">
<kw name="Sleep" library="BuiltIn">
<arg>5s</arg>
<doc>Pauses the test executed for the given time.</doc>
<msg timestamp="20240816 17:24:58.598" level="INFO">Slept 5 seconds</msg>
<status status="PASS" starttime="20240816 17:24:53.597" endtime="20240816 17:24:58.598"/>
</kw>
<status status="PASS" starttime="20240816 17:24:53.597" endtime="20240816 17:24:58.598"/>
</kw>
<kw name="Click Element" library="SeleniumLibrary">
<arg>${element}</arg>
<doc>Click the element identified by ``locator``.</doc>
<msg timestamp="20240816 17:24:58.598" level="INFO">Clicking element '//span[contains(text(),"Login")]'.</msg>
<status status="PASS" starttime="20240816 17:24:58.598" endtime="20240816 17:25:00.376"/>
</kw>
<status status="PASS" starttime="20240816 17:24:53.452" endtime="20240816 17:25:00.376"/>
</kw>
<kw name="Enter Mobile Number" library="login_keywords">
<arg>${data.mobile_number}</arg>
<kw name="Wait Until Element Is Visible" library="SeleniumLibrary">
<arg>${mobile_number_field_1}</arg>
<arg>timeout=30</arg>
<doc>Waits until the element ``locator`` is visible.</doc>
<status status="PASS" starttime="20240816 17:25:00.378" endtime="20240816 17:25:03.569"/>
</kw>
<kw name="Input Text" library="SeleniumLibrary">
<arg>${mobile_number_field_1}</arg>
<arg>${value}</arg>
<doc>Types the given ``text`` into the text field identified by ``locator``.</doc>
<msg timestamp="20240816 17:25:03.579" level="INFO">Typing text '9191000001' into text field '//input[@id="Mobile_number"]'.</msg>
<status status="PASS" starttime="20240816 17:25:03.569" endtime="20240816 17:25:03.672"/>
</kw>
<status status="PASS" starttime="20240816 17:25:00.377" endtime="20240816 17:25:03.672"/>
</kw>
<kw name="Check Visibility And Click On Element" library="Web_Common_Keywords">
<arg>${whatsapp_no_button}</arg>
<kw name="Wait Until Element Is Visible" library="SeleniumLibrary">
<arg>${element}</arg>
<arg>timeout=30</arg>
<doc>Waits until the element ``locator`` is visible.</doc>
<status status="PASS" starttime="20240816 17:25:03.672" endtime="20240816 17:25:03.693"/>
</kw>
<kw name="Wait For Five Seconds" library="Web_Common_Keywords">
<kw name="Sleep" library="BuiltIn">
<arg>5s</arg>
<doc>Pauses the test executed for the given time.</doc>
<msg timestamp="20240816 17:25:08.693" level="INFO">Slept 5 seconds</msg>
<status status="PASS" starttime="20240816 17:25:03.693" endtime="20240816 17:25:08.693"/>
</kw>
<status status="PASS" starttime="20240816 17:25:03.693" endtime="20240816 17:25:08.693"/>
</kw>
<kw name="Click Element" library="SeleniumLibrary">
<arg>${element}</arg>
<doc>Click the element identified by ``locator``.</doc>
<msg timestamp="20240816 17:25:08.693" level="INFO">Clicking element '//button[@aria-label="no"]'.</msg>
<status status="PASS" starttime="20240816 17:25:08.693" endtime="20240816 17:25:08.767"/>
</kw>
<status status="PASS" starttime="20240816 17:25:03.672" endtime="20240816 17:25:08.767"/>
</kw>
<kw name="Check Visibility And Click On Element" library="Web_Common_Keywords">
<arg>${send_sms_button}</arg>
<kw name="Wait Until Element Is Visible" library="SeleniumLibrary">
<arg>${element}</arg>
<arg>timeout=30</arg>
<doc>Waits until the element ``locator`` is visible.</doc>
<status status="PASS" starttime="20240816 17:25:08.767" endtime="20240816 17:25:08.798"/>
</kw>
<kw name="Wait For Five Seconds" library="Web_Common_Keywords">
<kw name="Sleep" library="BuiltIn">
<arg>5s</arg>
<doc>Pauses the test executed for the given time.</doc>
<msg timestamp="20240816 17:25:13.798" level="INFO">Slept 5 seconds</msg>
<status status="PASS" starttime="20240816 17:25:08.798" endtime="20240816 17:25:13.798"/>
</kw>
<status status="PASS" starttime="20240816 17:25:08.798" endtime="20240816 17:25:13.798"/>
</kw>
<kw name="Click Element" library="SeleniumLibrary">
<arg>${element}</arg>
<doc>Click the element identified by ``locator``.</doc>
<msg timestamp="20240816 17:25:13.798" level="INFO">Clicking element '//span[text()="Send OTP via SMS"]'.</msg>
<status status="PASS" starttime="20240816 17:25:13.798" endtime="20240816 17:25:13.865"/>
</kw>
<status status="PASS" starttime="20240816 17:25:08.767" endtime="20240816 17:25:13.865"/>
</kw>
<kw name="Login Into CMS And Get OTP" library="otp_keywords">
<var>${otp}</var>
<arg>${data.mobile_number}</arg>
<kw name="Open CMS Window" library="otp_keywords">
<kw name="Get Environment Data" library="user_keywords">
<var>${env_data}</var>
<arg>${web_environment}</arg>
<msg timestamp="20240816 17:25:13.871" level="INFO">${env_data} = {'RR_application_url': 'https://stg-rr.sportz.io/', 'RR_CMS_application_url': 'https://beta-wafcms.sportz.io/login/login?refval', 'KC_CMS_application_url': 'https://beta-wafcms.sportz.io/login/login?r...</msg>
<status status="PASS" starttime="20240816 17:25:13.865" endtime="20240816 17:25:13.871"/>
</kw>
<kw name="Create Dictionary" library="BuiltIn">
<var>${env_data}</var>
<arg>&amp;{env_data}</arg>
<doc>Creates and returns a dictionary based on the given ``items``.</doc>
[...]
1723809918</msg>
<msg timestamp="20240816 17:35:20.497" level="INFO">${res} = C:\Users\Samraddhi\Desktop\IQA-73 Jira\wm-si-qa-automation\CommonBase\Utilities\..\..\Downloads\Files\OI1aGIyLKz.jpg</msg>
<status status="PASS" starttime="20240816 17:35:20.497" endtime="20240816 17:35:20.497"/>
</kw>
<kw name="Log" library="BuiltIn">
<arg>${res}</arg>
<doc>Logs the given message with the given level.</doc>
<msg timestamp="20240816 17:35:20.500" level="INFO">C:\Users\Samraddhi\Desktop\IQA-73 Jira\wm-si-qa-automation\CommonBase\Utilities\..\..\Downloads\Files\OI1aGIyLKz.jpg</msg>
<status status="PASS" starttime="20240816 17:35:20.497" endtime="20240816 17:35:20.500"/>
</kw>
<kw name="Should Contain" library="BuiltIn">
<arg>${res}</arg>
<arg>.jpg</arg>
<doc>Fails if ``container`` does not contain ``item`` one or more times.</doc>
<status status="PASS" starttime="20240816 17:35:20.500" endtime="20240816 17:35:20.500"/>
</kw>
<kw name="File Should Exist" library="OperatingSystem">
<arg>${res}</arg>
<doc>Fails unless the given ``path`` points to an existing file.</doc>
<msg timestamp="20240816 17:35:20.500" level="INFO" html="true">File '&lt;a href="file://C:\Users\Samraddhi\Desktop\IQA-73 Jira\wm-si-qa-automation\Downloads\Files\OI1aGIyLKz.jpg"&gt;C:\Users\Samraddhi\Desktop\IQA-73 Jira\wm-si-qa-automation\Downloads\Files\OI1aGIyLKz.jpg&lt;/a&gt;' exists.</msg>
<status status="PASS" starttime="20240816 17:35:20.500" endtime="20240816 17:35:20.500"/>
</kw>
<return>
<value>${res}</value>
<status status="PASS" starttime="20240816 17:35:20.500" endtime="20240816 17:35:20.500"/>
</return>
<status status="PASS" starttime="20240816 17:35:18.495" endtime="20240816 17:35:20.500"/>
</kw>
<kw name="Close Browser" library="SeleniumLibrary" type="TEARDOWN">
<doc>Closes the current browser.</doc>
<status status="PASS" starttime="20240816 17:35:20.500" endtime="20240816 17:35:22.820"/>
</kw>
<tag>RoyalsRajasthanFoundation</tag>
<status status="PASS" starttime="20240816 17:34:28.397" endtime="20240816 17:35:22.820"/>
</test>
<status status="FAIL" starttime="20240816 17:24:36.578" endtime="20240816 17:35:22.820"/>
</suite>
<status status="FAIL" starttime="20240816 17:24:36.574" endtime="20240816 17:35:22.820"/>
</suite>
<suite id="s1-s1-s3" name="Royals Academy" source="C:\Users\Samraddhi\Desktop\IQA-73 Jira\wm-si-qa-automation\Web\RR\TestCases\Royals_Academy">
<suite id="s1-s1-s3-s1" name="Royals Academy Test" source="C:\Users\Samraddhi\Desktop\IQA-73 Jira\wm-si-qa-automation\Web\RR\TestCases\Royals_Academy\royals_academy_test.robot">
<test id="s1-s1-s3-s1-t1" name="TC162 Verify Registration form submition" line="19">
<kw name="Launch Application" library="login_keywords" type="SETUP">
<kw name="Get Environment Data" library="user_keywords">
<var>${env_data}</var>
<arg>${web_environment}</arg>
<msg timestamp="20240816 17:35:23.131" level="INFO">${env_data} = {'RR_application_url': 'https://stg-rr.sportz.io/', 'RR_CMS_application_url': 'https://beta-wafcms.sportz.io/login/login?refval', 'KC_CMS_application_url': 'https://beta-wafcms.sportz.io/login/login?r...</msg>
<status status="PASS" starttime="20240816 17:35:23.131" endtime="20240816 17:35:23.131"/>
</kw>
<kw name="Create Dictionary" library="BuiltIn">
<var>${env_data}</var>
<arg>&amp;{env_data}</arg>
<doc>Creates and returns a dictionary based on the given ``items``.</doc>
<msg timestamp="20240816 17:35:23.136" level="INFO">${env_data} = {'RR_application_url': 'https://stg-rr.sportz.io/', 'RR_CMS_application_url': 'https://beta-wafcms.sportz.io/login/login?refval', 'KC_CMS_application_url': 'https://beta-wafcms.sportz.io/login/login?r...</msg>
<status status="PASS" starttime="20240816 17:35:23.131" endtime="20240816 17:35:23.136"/>
</kw>
<kw name="Evaluate" library="BuiltIn">
<var>${options}</var>
<arg>sys.modules['selenium.webdriver'].ChromeOptions()</arg>
<arg>sys, selenium.webdriver</arg>
<doc>Evaluates the given expression in Python and returns the result.</doc>
<msg timestamp="20240816 17:35:23.136" level="INFO">${options} = &lt;selenium.webdriver.chrome.options.Options object at 0x000002B2E5473D40&gt;</msg>
<status status="PASS" starttime="20240816 17:35:23.136" endtime="20240816 17:35:23.136"/>
</kw>
<kw name="Evaluate" library="BuiltIn">
<var>${options}</var>
<arg>sys.modules['selenium.webdriver'].ChromeOptions()</arg>
<arg>sys, selenium.webdriver</arg>
<doc>Evaluates the given expression in Python and returns the result.</doc>
<msg timestamp="20240816 17:35:23.136" level="INFO">${options} = &lt;selenium.webdriver.chrome.options.Options object at 0x000002B2E57391C0&gt;</msg>
<status status="PASS" starttime="20240816 17:35:23.136" endtime="20240816 17:35:23.136"/>
</kw>
<kw name="Create Dictionary" library="BuiltIn">
<var>${prefs}</var>
<arg>download.default_directory=${default_download_path}</arg>
<doc>Creates and returns a dictionary based on the given ``items``.</doc>
<msg timestamp="20240816 17:35:23.136" level="INFO">${prefs} = {'download.default_directory': 'C:\\Users\\Samraddhi\\Desktop\\IQA-73 Jira\\wm-si-qa-automation\\Downloads\\Files'}</msg>
<status status="PASS" starttime="20240816 17:35:23.136" endtime="20240816 17:35:23.136"/>
</kw>
<kw name="Call Method" library="BuiltIn">
<arg>${options}</arg>
<arg>add_experimental_option</arg>
<arg>prefs</arg>
<arg>${prefs}</arg>
<doc>Calls the named method of the given object with the provided arguments.</doc>
<status status="PASS" starttime="20240816 17:35:23.136" endtime="20240816 17:35:23.136"/>
</kw>
<kw name="Open Browser" library="SeleniumLibrary">
<arg>${env_data.RR_application_url}</arg>
<arg>${env_data.browser}</arg>
<arg>options=${options}</arg>
<doc>Opens a new browser instance to the optional ``url``.</doc>
<msg timestamp="20240816 17:35:23.142" level="INFO">Opening browser 'chrome' to base url 'https://stg-rr.sportz.io/'.</msg>
<status status="PASS" starttime="20240816 17:35:23.136" endtime="20240816 17:35:27.763"/>
</kw>
<kw name="Set Window Size" library="SeleniumLibrary">
<arg>${env_data.window_height}</arg>
<arg>${env_data.window_width}</arg>
<doc>Sets current windows size to given ``width`` and ``height``.</doc>
<status status="PASS" starttime="20240816 17:35:27.763" endtime="20240816 17:35:28.163"/>
</kw>
<kw name="Maximize Browser Window" library="SeleniumLibrary">
<doc>Maximizes current browser window.</doc>
<status status="PASS" starttime="20240816 17:35:28.163" endtime="20240816 17:35:28.237"/>
</kw>
<status status="PASS" starttime="20240816 17:35:23.131" endtime="20240816 17:35:28.237"/>
</kw>
<kw name="Click On Royals Academy Link" library="royals_academy_keywords">
<kw name="Wait Until Element Is Visible" library="SeleniumLibrary">
<arg>${royals_academy_link}</arg>
<doc>Waits until the element ``locator`` is visible.</doc>
<status status="PASS" starttime="20240816 17:35:28.238" endtime="20240816 17:35:28.313"/>
</kw>
<kw name="Click Element" library="SeleniumLibrary">
<arg>${royals_academy_link}</arg>
<doc>Click the element identified by ``locator``.</doc>
<msg timestamp="20240816 17:35:28.313" level="INFO">Clicking element '//a/span[text()="Royals Academy"]'.</msg>
<status status="PASS" starttime="20240816 17:35:28.313" endtime="20240816 17:35:31.093"/>
</kw>
<status status="PASS" starttime="20240816 17:35:28.238" endtime="20240816 17:35:31.093"/>
</kw>
<kw name="Click On Academy Register Link" library="royals_academy_keywords">
<kw name="Wait Until Element Is Visible" library="SeleniumLibrary">
<arg>${academy_registration_link}</arg>
<doc>Waits until the element ``locator`` is visible.</doc>
<status status="PASS" starttime="20240816 17:35:31.094" endtime="20240816 17:35:31.126"/>
</kw>
<kw name="Click Element" library="SeleniumLibrary">
<arg>${academy_registration_link}</arg>
<doc>Click the element identified by ``locator``.</doc>
<msg timestamp="20240816 17:35:31.127" level="INFO">Clicking element '//a/span[text()="Registration"]'.</msg>
<status status="PASS" starttime="20240816 17:35:31.126" endtime="20240816 17:35:32.690"/>
</kw>
<kw name="Wait Until Page Contains" library="SeleniumLibrary">
<arg>${academy_register_page_title}</arg>
<doc>Waits until ``text`` appears on the current page.</doc>
<status status="PASS" starttime="20240816 17:35:32.691" endtime="20240816 17:35:32.714"/>
</kw>
<status status="PASS" starttime="20240816 17:35:31.093" endtime="20240816 17:35:32.714"/>
</kw>
<kw name="Create Dictionary" library="BuiltIn">
<var>&amp;{registration_details}</var>
<arg>academy_name=Nagpur (India)</arg>
<arg>first_name=sumi</arg>
<arg>last_name=jain</arg>
<arg>email=asas@gmail.com</arg>
<arg>mobile_number=8839037878</arg>
<arg>date_of_birth=07/10/1977</arg>
<arg>country=India</arg>
<arg>state=Maharashtra</arg>
<arg>city=Pune</arg>
<arg>language=english</arg>
<doc>Creates and returns a dictionary based on the given ``items``.</doc>
<msg timestamp="20240816 17:35:32.714" level="INFO">&amp;{registration_details} = { academy_name=Nagpur (India) | first_name=sumi | last_name=jain | email=asas@gmail.com | mobile_number=8839037878 | date_of_birth=07/10/1977 | country=India | state=Maharashtra | city=Pune | language...</msg>
<status status="PASS" starttime="20240816 17:35:32.714" endtime="20240816 17:35:32.714"/>
</kw>
<kw name="Fill Academy Registration Details" library="royals_academy_keywords">
<arg>${registration_details}</arg>
<kw name="Wait Until Element Is Visible" library="SeleniumLibrary">
<arg>${select_academy_dropdown}</arg>
<doc>Waits until the element ``locator`` is visible.</doc>
<status status="PASS" starttime="20240816 17:35:32.715" endtime="20240816 17:35:34.761"/>
</kw>
<kw name="Select From List By Label" library="SeleniumLibrary">
<arg>${select_academy_dropdown}</arg>
<arg>${academy_registration_details.academy_name}</arg>
<doc>Selects options from selection list ``locator`` by ``labels``.</doc>
<msg timestamp="20240816 17:35:34.772" level="INFO">Selecting options from selection list '//select[@name="academy"]' by label Nagpur (India).</msg>
<status status="PASS" starttime="20240816 17:35:34.761" endtime="20240816 17:35:34.864"/>
</kw>
<kw name="Input Text" library="SeleniumLibrary">
<arg>${first_name_academy}</arg>
<arg>${academy_registration_details.first_name}</arg>
<doc>Types the given ``text`` into the text field identified by ``locator``.</doc>
<msg timestamp="20240816 17:35:34.865" level="INFO">Typing text 'sumi' into text field '//input[@name="firstName"]'.</msg>
<status status="PASS" starttime="20240816 17:35:34.864" endtime="20240816 17:35:34.961"/>
</kw>
<kw name="Input Text" library="SeleniumLibrary">
<arg>${last_name_academy}</arg>
<arg>${academy_registration_details.last_name}</arg>
<doc>Types the given ``text`` into the text field identified by ``locator``.</doc>
<msg timestamp="20240816 17:35:34.961" level="INFO">Typing text 'jain' into text field '//input[@name="lastName"]'.</msg>
<status status="PASS" starttime="20240816 17:35:34.961" endtime="20240816 17:35:35.049"/>
</kw>
<kw name="Input Text" library="SeleniumLibrary">
<arg>${email_academy}</arg>
<arg>${academy_registration_details.email}</arg>
<doc>Types the given ``text`` into the text field identified by ``locator``.</doc>
<msg timestamp="20240816 17:35:35.049" level="INFO">Typing text 'asas@gmail.com' into text field '//input[@name="academyEmail"]'.</msg>
<status status="PASS" starttime="20240816 17:35:35.049" endtime="20240816 17:35:35.165"/>
</kw>
<kw name="Input Text" library="SeleniumLibrary">
<arg>${mobile_number_academy}</arg>
<arg>${academy_registration_details.mobile_number}</arg>
<doc>Types the given ``text`` into the text field identified by ``locator``.</doc>
<msg timestamp="20240816 17:35:35.165" level="INFO">Typing text '8839037878' into text field '//input[@name="Mobile Number"]'.</msg>
<status status="PASS" starttime="20240816 17:35:35.165" endtime="20240816 17:35:35.267"/>
</kw>
<kw name="Input Text" library="SeleniumLibrary">
<arg>${date_of_birth_academy}</arg>
<arg>${academy_registration_details.date_of_birth}</arg>
<doc>Types the given ``text`` into the text field identified by ``locator``.</doc>
<msg timestamp="20240816 17:35:35.275" level="INFO">Typing text '07/10/1977' into text field '//input[@name="academyDOB"]'.</msg>
<status status="PASS" starttime="20240816 17:35:35.267" endtime="20240816 17:35:35.369"/>
</kw>
<kw name="Select From List By Label" library="SeleniumLibrary">
<arg>${country_dropdown_academy}</arg>
<arg>${academy_registration_details.country}</arg>
<doc>Selects options from selection list ``locator`` by ``labels``.</doc>
<msg timestamp="20240816 17:35:35.370" level="INFO">Selecting options from selection list '//select[@name="academyCountry"]' by label India.</msg>
<msg timestamp="20240816 17:35:35.670" level="INFO" html="true">&lt;/td&gt;&lt;/tr&gt;&lt;tr&gt;&lt;td colspan="3"&gt;&lt;a href="selenium-screenshot-1.png"&gt;&lt;img src="selenium-screenshot-1.png" width="800px"&gt;&lt;/a&gt;</msg>
<msg timestamp="20240816 17:35:35.670" level="FAIL">NoSuchElementException: Message: Could not locate element with visible text: India; For documentation on this error, please visit: https://www.selenium.dev/documentation/webdriver/troubleshooting/errors#no-such-element-exception
</msg>
<status status="FAIL" starttime="20240816 17:35:35.370" endtime="20240816 17:35:35.682"/>
</kw>
<kw name="Select From List By Label" library="SeleniumLibrary">
<arg>${state_dropdown_academy}</arg>
<arg>${academy_registration_details.state}</arg>
<doc>Selects options from selection list ``locator`` by ``labels``.</doc>
<status status="NOT RUN" starttime="20240816 17:35:35.682" endtime="20240816 17:35:35.682"/>
</kw>
<kw name="Input Text" library="SeleniumLibrary">
<arg>${city_field_academy}</arg>
<arg>${academy_registration_details.city}</arg>
<doc>Types the given ``text`` into the text field identified by ``locator``.</doc>
<status status="NOT RUN" starttime="20240816 17:35:35.682" endtime="20240816 17:35:35.682"/>
</kw>
<kw name="Select Radio Button" library="SeleniumLibrary">
<arg>language</arg>
<arg>${academy_registration_details.language}</arg>
<doc>Sets the radio button group ``group_name`` to ``value``.</doc>
<status status="NOT RUN" starttime="20240816 17:35:35.682" endtime="20240816 17:35:35.682"/>
</kw>
<status status="FAIL" starttime="20240816 17:35:32.715" endtime="20240816 17:35:35.682"/>
</kw>
<kw name="Click On Submit Button" library="royals_academy_keywords">
<status status="NOT RUN" starttime="20240816 17:35:35.682" endtime="20240816 17:35:35.682"/>
</kw>
<kw name="Get values From CMS" library="otp_keywords">
<arg>8839037878</arg>
<status status="NOT RUN" starttime="20240816 17:35:35.682" endtime="20240816 17:35:35.682"/>
</kw>
<kw name="Verify File Is Downloaded" library="otp_keywords">
<var>${file_path}</var>
<status status="NOT RUN" starttime="20240816 17:35:35.682" endtime="20240816 17:35:35.682"/>
</kw>
<kw name="Fetch User Details By Number" library="user_keywords">
<var>${user_data}</var>
<arg>${file_path}</arg>
<arg>8839037878</arg>
<status status="NOT RUN" starttime="20240816 17:35:35.682" endtime="20240816 17:35:35.682"/>
</kw>
<kw name="Close Browser" library="SeleniumLibrary" type="TEARDOWN">
<doc>Closes the current browser.</doc>
<status status="PASS" starttime="20240816 17:35:35.682" endtime="20240816 17:35:37.908"/>
</kw>
<tag>RoyalsAcademy</tag>
<status status="FAIL" starttime="20240816 17:35:23.121" endtime="20240816 17:35:37.908">NoSuchElementException: Message: Could not locate element with visible text: India; For documentation on this error, please visit: https://www.selenium.dev/documentation/webdriver/troubleshooting/errors#no-such-element-exception
</status>
</test>
<status status="FAIL" starttime="20240816 17:35:22.836" endtime="20240816 17:35:37.908"/>
</suite>
<status status="FAIL" starttime="20240816 17:35:22.820" endtime="20240816 17:35:37.917"/>
</suite>
<status status="FAIL" starttime="20240816 17:23:40.957" endtime="20240816 17:35:37.917"/>
</suite>
<status status="FAIL" starttime="20240816 17:23:40.933" endtime="20240816 17:35:37.925"/>
</suite>
<statistics>
<total>
<stat pass="4" fail="13" skip="0">All Tests</stat>
</total>
<tag>
<stat pass="2" fail="0" skip="0">HindiFixture</stat>
<stat pass="1" fail="0" skip="0">HindiHomescreennew</stat>
<stat pass="0" fail="1" skip="0">RoyalsAcademy</stat>
<stat pass="1" fail="12" skip="0">RoyalsRajasthanFoundation</stat>
</tag>
<suite>
<stat pass="4" fail="13" skip="0" id="s1" name="RR">RR</stat>
<stat pass="4" fail="13" skip="0" id="s1-s1" name="TestCases">RR.TestCases</stat>
<stat pass="3" fail="0" skip="0" id="s1-s1-s1" name="Hindi homescreen">RR.TestCases.Hindi homescreen</stat>
<stat pass="3" fail="0" skip="0" id="s1-s1-s1-s1" name="Hindi Homescreen Test">RR.TestCases.Hindi homescreen.Hindi Homescreen Test</stat>
<stat pass="1" fail="12" skip="0" id="s1-s1-s2" name="Royals Rajasthan Foundation">RR.TestCases.Royals Rajasthan Foundation</stat>
<stat pass="1" fail="12" skip="0" id="s1-s1-s2-s1" name="Royals rajasthan foundation test">RR.TestCases.Royals Rajasthan Foundation.Royals rajasthan foundation test</stat>
<stat pass="0" fail="1" skip="0" id="s1-s1-s3" name="Royals Academy">RR.TestCases.Royals Academy</stat>
<stat pass="0" fail="1" skip="0" id="s1-s1-s3-s1" name="Royals Academy Test">RR.TestCases.Royals Academy.Royals Academy Test</stat>
</suite>
</statistics>
<errors>
<msg timestamp="20240816 17:23:41.317" level="ERROR">Error in file 'C:\Users\Samraddhi\Desktop\IQA-73 Jira\wm-si-qa-automation\Web\RR\TestCases\Hindi_homescreen\hindi_homescreen_test.robot' on line 4: Invalid resource file extension '.py'. Supported extensions are '.json', '.resource', '.rest', '.robot', '.rsrc', '.rst', '.tsv' and '.txt'.</msg>
<msg timestamp="20240816 17:25:18.306" level="WARN">Keyword 'SeleniumLibrary.Press Key' is deprecated. use `Press Keys` instead.</msg>
<msg timestamp="20240816 17:25:58.627" level="WARN">Keyword 'SeleniumLibrary.Press Key' is deprecated. use `Press Keys` instead.</msg>
<msg timestamp="20240816 17:26:49.920" level="WARN">Keyword 'SeleniumLibrary.Press Key' is deprecated. use `Press Keys` instead.</msg>
<msg timestamp="20240816 17:27:42.268" level="WARN">Keyword 'SeleniumLibrary.Press Key' is deprecated. use `Press Keys` instead.</msg>
<msg timestamp="20240816 17:28:47.845" level="WARN">Keyword 'SeleniumLibrary.Press Key' is deprecated. use `Press Keys` instead.</msg>
<msg timestamp="20240816 17:29:29.091" level="WARN">Keyword 'SeleniumLibrary.Press Key' is deprecated. use `Press Keys` instead.</msg>
<msg timestamp="20240816 17:30:08.611" level="WARN">Keyword 'SeleniumLibrary.Press Key' is deprecated. use `Press Keys` instead.</msg>
<msg timestamp="20240816 17:30:45.409" level="WARN">Keyword 'SeleniumLibrary.Press Key' is deprecated. use `Press Keys` instead.</msg>
<msg timestamp="20240816 17:31:24.215" level="WARN">Keyword 'SeleniumLibrary.Press Key' is deprecated. use `Press Keys` instead.</msg>
<msg timestamp="20240816 17:32:18.543" level="WARN">Keyword 'SeleniumLibrary.Press Key' is deprecated. use `Press Keys` instead.</msg>
<msg timestamp="20240816 17:33:13.874" level="WARN">Keyword 'SeleniumLibrary.Press Key' is deprecated. use `Press Keys` instead.</msg>
<msg timestamp="20240816 17:34:23.032" level="WARN">Keyword 'SeleniumLibrary.Press Key' is deprecated. use `Press Keys` instead.</msg>
</errors>
</robot>
